#
# A fatal error has been detected by the Java Runtime Environment:
#
#  SIGSEGV (0xb) at pc=0x00007f37b0d4da6e, pid=18675, tid=0x00007f37b20d5700
#
# JRE version:  (8.0_151-b12) (build )
# Java VM: OpenJDK 64-Bit Server VM (25.151-b12 mixed mode linux-amd64 compressed oops)
# Problematic frame:
# V  [libjvm.so+0x9cda6e]
#
# Failed to write core dump. Core dumps have been disabled. To enable core dumping, try "ulimit -c unlimited" before starting Java again
#
# If you would like to submit a bug report, please visit:
#   http://bugreport.java.com/bugreport/crash.jsp
#

---------------  T H R E A D  ---------------

Current thread (0x00007f37a800a000):  JavaThread "main" [_thread_in_vm, id=18676, stack(0x00007f37b1fd5000,0x00007f37b20d6000)]

siginfo: si_signo: 11 (SIGSEGV), si_code: 1 (SEGV_MAPERR), si_addr: 0x0000000000000100

Registers:
RAX=0x00007f37b1f11348, RBX=0x0000000000000100, RCX=0x00007f37a8059a36, RDX=0x0000000000000267
RSP=0x00007f37b20d29b0, RBP=0x00007f37b20d29f0, RSI=0x00007f37a8059a36, RDI=0x00007f37a8026620
R8 =0x0000000000000014, R9 =0x0000000000000010, R10=0x000000000000000f, R11=0x0000000000000011
R12=0x0000000000000014, R13=0x0000000000000001, R14=0x00007f37a800a000, R15=0x00000000522c5a71
RIP=0x00007f37b0d4da6e, EFLAGS=0x0000000000010202, CSGSFS=0x002b000000000033, ERR=0x0000000000000004
  TRAPNO=0x000000000000000e

Top of Stack: (sp=0x00007f37b20d29b0)
0x00007f37b20d29b0:   00007f37a8026620 00007f37a8059a22
0x00007f37b20d29c0:   0000000000000024 00007f37a8059a22
0x00007f37b20d29d0:   0000000000000027 000000000000002a
0x00007f37b20d29e0:   00007f37a800a000 00007f37b20d3210
0x00007f37b20d29f0:   00007f37b20d2b80 00007f37b07a43d3
0x00007f37b20d2a00:   0000000000000000 00007f37b20d2ac0
0x00007f37b20d2a10:   00007f37b20d2a60 00007f37b20d2a50
0x00007f37b20d2a20:   00007f37a8059b60 00000001aea4d3ab
0x00007f37b20d2a30:   00007f37b20d2a4c 00007f3700000014
0x00007f37b20d2a40:   0000000000000078 522c5a7100000000
0x00007f37b20d2a50:   00007f37ac1cacc8 00007f37a800a000
0x00007f37b20d2a60:   00007f37ac1cacc8 00007f37a800a000
0x00007f37b20d2a70:   00007f37a8059820 00007f37a8059b5f
0x00007f37b20d2a80:   00007f37a8059a36 00007f37a8048480
0x00007f37b20d2a90:   0073000c72007100 0000000000000078
0x00007f37b20d2aa0:   0000000a00000021 0000001300000025
0x00007f37b20d2ab0:   000000140000002b 0000001600000011
0x00007f37b20d2ac0:   0000001100000025 0000001300000012
0x00007f37b20d2ad0:   0000001600000014 000000240000001c
0x00007f37b20d2ae0:   e86f5c9ce534b4ca c8a711f1fa13e55c
0x00007f37b20d2af0:   39a5bb2497abe711 07b28d3674340c68
0x00007f37b20d2b00:   00007f37a80599ee 00007f37a80598a0
0x00007f37b20d2b10:   00007f37a80598ad 00007f37a80598d5
0x00007f37b20d2b20:   00007f37a80598eb 00007f37a8059924
0x00007f37b20d2b30:   00007f37a805996e 00007f37a80599d5
0x00007f37b20d2b40:   00007f37b20d2b80 be1fbe622eb6c100
0x00007f37b20d2b50:   00000004ac011170 00007f37a800a000
0x00007f37b20d2b60:   00007f37b20d2e20 00007f37b20d3210
0x00007f37b20d2b70:   00007f37b20d2bd0 00007f37a8059b60
0x00007f37b20d2b80:   00007f37b20d2d30 00007f37b07a94ed
0x00007f37b20d2b90:   00007f37b20d2d30 00007f37b07a0039
0x00007f37b20d2ba0:   00007f37ffffffff 000000000000000c 

Instructions: (pc=0x00007f37b0d4da6e)
0x00007f37b0d4da4e:   8d 04 d0 48 8b 18 48 85 db 75 11 eb 5e 0f 1f 44
0x00007f37b0d4da5e:   00 00 48 8b 5b 08 48 83 e3 fe 74 2e 41 83 c5 01
0x00007f37b0d4da6e:   44 39 3b 75 ed 4c 8b 73 10 48 8b 75 c8 44 89 e2
0x00007f37b0d4da7e:   4c 89 f7 e8 9a dc ff ff 84 c0 74 d6 4c 89 f7 e8 

Register to memory mapping:

RAX=0x00007f37b1f11348 is an unknown value
RBX=0x0000000000000100 is an unknown value
RCX=0x00007f37a8059a36 is an unknown value
RDX=0x0000000000000267 is an unknown value
RSP=0x00007f37b20d29b0 is pointing into the stack for thread: 0x00007f37a800a000
RBP=0x00007f37b20d29f0 is pointing into the stack for thread: 0x00007f37a800a000
RSI=0x00007f37a8059a36 is an unknown value
RDI=0x00007f37a8026620 is an unknown value
R8 =0x0000000000000014 is an unknown value
R9 =0x0000000000000010 is an unknown value
R10=0x000000000000000f is an unknown value
R11=0x0000000000000011 is an unknown value
R12=0x0000000000000014 is an unknown value
R13=0x0000000000000001 is an unknown value
R14=0x00007f37a800a000 is a thread
R15=0x00000000522c5a71 is an unknown value


Stack: [0x00007f37b1fd5000,0x00007f37b20d6000],  sp=0x00007f37b20d29b0,  free space=1014k
Native frames: (J=compiled Java code, j=interpreted, Vv=VM code, C=native code)
V  [libjvm.so+0x9cda6e]
V  [libjvm.so+0x4243d3]
V  [libjvm.so+0x4294ed]
V  [libjvm.so+0x42a988]
V  [libjvm.so+0x4317ba]
V  [libjvm.so+0x9de46a]
V  [libjvm.so+0x9dceb6]
V  [libjvm.so+0x9defba]
V  [libjvm.so+0x4b5fc5]
V  [libjvm.so+0x64f74f]
j  java.nio.Bits.<clinit>()V+180
v  ~StubRoutines::call_stub
V  [libjvm.so+0x66287b]
V  [libjvm.so+0x6212e7]
V  [libjvm.so+0x6216e2]
V  [libjvm.so+0x621b40]
V  [libjvm.so+0x7863a0]
V  [libjvm.so+0x78a9e5]
V  [libjvm.so+0x78d548]
V  [libjvm.so+0x655569]
j  java.nio.ByteBuffer.<init>(IIII[BI)V+15
j  java.nio.HeapByteBuffer.<init>(II)V+9
j  java.nio.ByteBuffer.allocate(I)Ljava/nio/ByteBuffer;+18
j  sun.nio.cs.StreamEncoder.<init>(Ljava/io/OutputStream;Ljava/lang/Object;Ljava/nio/charset/CharsetEncoder;)V+54
j  sun.nio.cs.StreamEncoder.<init>(Ljava/io/OutputStream;Ljava/lang/Object;Ljava/nio/charset/Charset;)V+19
j  sun.nio.cs.StreamEncoder.forOutputStreamWriter(Ljava/io/OutputStream;Ljava/lang/Object;Ljava/lang/String;)Lsun/nio/cs/StreamEncoder;+30
j  java.io.OutputStreamWriter.<init>(Ljava/io/OutputStream;)V+12
j  java.io.PrintStream.<init>(ZLjava/io/OutputStream;)V+26
j  java.io.PrintStream.<init>(Ljava/io/OutputStream;Z)V+11
j  java.lang.System.newPrintStream(Ljava/io/FileOutputStream;Ljava/lang/String;)Ljava/io/PrintStream;+42
j  java.lang.System.initializeSystemClass()V+90
v  ~StubRoutines::call_stub
V  [libjvm.so+0x66287b]
V  [libjvm.so+0x661144]
V  [libjvm.so+0x661708]
V  [libjvm.so+0xa1158e]
V  [libjvm.so+0x6898b2]  JNI_CreateJavaVM+0x62
C  [libjli.so+0x2f2e]
C  [libjli.so+0x73dd]
C  [libpthread.so.0+0x76ba]  start_thread+0xca

Java frames: (J=compiled Java code, j=interpreted, Vv=VM code)
j  java.nio.Bits.<clinit>()V+180
v  ~StubRoutines::call_stub
j  java.nio.ByteBuffer.<init>(IIII[BI)V+15
j  java.nio.HeapByteBuffer.<init>(II)V+9
j  java.nio.ByteBuffer.allocate(I)Ljava/nio/ByteBuffer;+18
j  sun.nio.cs.StreamEncoder.<init>(Ljava/io/OutputStream;Ljava/lang/Object;Ljava/nio/charset/CharsetEncoder;)V+54
j  sun.nio.cs.StreamEncoder.<init>(Ljava/io/OutputStream;Ljava/lang/Object;Ljava/nio/charset/Charset;)V+19
j  sun.nio.cs.StreamEncoder.forOutputStreamWriter(Ljava/io/OutputStream;Ljava/lang/Object;Ljava/lang/String;)Lsun/nio/cs/StreamEncoder;+30
j  java.io.OutputStreamWriter.<init>(Ljava/io/OutputStream;)V+12
j  java.io.PrintStream.<init>(ZLjava/io/OutputStream;)V+26
j  java.io.PrintStream.<init>(Ljava/io/OutputStream;Z)V+11
j  java.lang.System.newPrintStream(Ljava/io/FileOutputStream;Ljava/lang/String;)Ljava/io/PrintStream;+42
j  java.lang.System.initializeSystemClass()V+90
v  ~StubRoutines::call_stub

---------------  P R O C E S S  ---------------

Java Threads: ( => current thread )
  0x00007f37a8083800 JavaThread "Finalizer" daemon [_thread_blocked, id=18683, stack(0x00007f378ab04000,0x00007f378ac05000)]
  0x00007f37a807f000 JavaThread "Reference Handler" daemon [_thread_blocked, id=18682, stack(0x00007f378ac05000,0x00007f378ad06000)]
=>0x00007f37a800a000 JavaThread "main" [_thread_in_vm, id=18676, stack(0x00007f37b1fd5000,0x00007f37b20d6000)]

Other Threads:
  0x00007f37a8077800 VMThread [stack: 0x00007f378ad06000,0x00007f378ae07000] [id=18681]

VM state:not at safepoint (normal execution)

VM Mutex/Monitor currently owned by a thread: None

Heap:
 PSYoungGen      total 2048K, used 135K [0x0000000718f80000, 0x0000000719200000, 0x00000007c0000000)
  eden space 1536K, 8% used [0x0000000718f80000,0x0000000718fa1ce0,0x0000000719100000)
  from space 512K, 0% used [0x0000000719180000,0x0000000719180000,0x0000000719200000)
  to   space 512K, 0% used [0x0000000719100000,0x0000000719100000,0x0000000719180000)
 ParOldGen       total 5632K, used 0K [0x00000005cae00000, 0x00000005cb380000, 0x0000000718f80000)
  object space 5632K, 0% used [0x00000005cae00000,0x00000005cae00000,0x00000005cb380000)
 Metaspace       used 1582K, capacity 4480K, committed 4480K, reserved 1056768K
  class space    used 163K, capacity 384K, committed 384K, reserved 1048576K

Card table byte_map: [0x00007f37ad6dd000,0x00007f37ae687000] byte_map_base: 0x00007f37aa886000

Marking Bits: (ParMarkBitMap*) 0x00007f37b12a12c0
 Begin Bits: [0x00007f3774570000, 0x00007f377c2b8000)
 End Bits:   [0x00007f377c2b8000, 0x00007f3784000000)

Polling page: 0x00007f37b20f5000

CodeCache: size=245760Kb used=418Kb max_used=418Kb free=245342Kb
 bounds [0x00007f3799000000, 0x00007f3799270000, 0x00007f37a8000000]
 total_blobs=131 nmethods=0 adapters=107
 compilation: enabled

Compilation events (0 events):
No events

GC Heap History (0 events):
No events

Deoptimization events (0 events):
No events

Internal exceptions (2 events):
Event: 0.020 Thread 0x00007f37a800a000 Exception <a 'java/lang/NoSuchMethodError': Method sun.misc.Unsafe.defineClass(Ljava/lang/String;[BII)Ljava/lang/Class; name or signature does not match> (0x0000000718f87cd8) thrown at [/build/openjdk-8-W2Qe27/openjdk-8-8u151-b12/src/hotspot/src/share/vm/
Event: 0.020 Thread 0x00007f37a800a000 Exception <a 'java/lang/NoSuchMethodError': Method sun.misc.Unsafe.prefetchRead(Ljava/lang/Object;J)V name or signature does not match> (0x0000000718f87fc0) thrown at [/build/openjdk-8-W2Qe27/openjdk-8-8u151-b12/src/hotspot/src/share/vm/prims/jni.cpp, lin

Events (10 events):
Event: 0.030 loading class java/nio/ByteBuffer done
Event: 0.030 loading class java/nio/HeapByteBuffer
Event: 0.030 loading class java/nio/HeapByteBuffer done
Event: 0.030 loading class java/nio/Bits
Event: 0.030 loading class java/nio/Bits done
Event: 0.030 loading class java/nio/ByteOrder
Event: 0.030 loading class java/nio/ByteOrder done
Event: 0.031 loading class java/util/concurrent/atomic/AtomicLong
Event: 0.031 loading class java/util/concurrent/atomic/AtomicLong done
Event: 0.031 loading class java/nio/Bits$1


Dynamic libraries:
00400000-00401000 r-xp 00000000 08:06 19138452                           /usr/lib/jvm/java-8-openjdk-amd64/bin/javac
00600000-00601000 r--p 00000000 08:06 19138452                           /usr/lib/jvm/java-8-openjdk-amd64/bin/javac
00601000-00602000 rw-p 00001000 08:06 19138452                           /usr/lib/jvm/java-8-openjdk-amd64/bin/javac
0211b000-0213c000 rw-p 00000000 00:00 0                                  [heap]
5cae00000-5cb380000 rw-p 00000000 00:00 0 
5cb380000-718f80000 ---p 00000000 00:00 0 
718f80000-719200000 rw-p 00000000 00:00 0 
719200000-7c0000000 ---p 00000000 00:00 0 
7c0000000-7c0060000 rw-p 00000000 00:00 0 
7c0060000-800000000 ---p 00000000 00:00 0 
7f3768000000-7f3768021000 rw-p 00000000 00:00 0 
7f3768021000-7f376c000000 ---p 00000000 00:00 0 
7f376c000000-7f376c021000 rw-p 00000000 00:00 0 
7f376c021000-7f3770000000 ---p 00000000 00:00 0 
7f3770000000-7f3770021000 rw-p 00000000 00:00 0 
7f3770021000-7f3774000000 ---p 00000000 00:00 0 
7f3774570000-7f3784000000 rw-p 00000000 00:00 0 
7f3784000000-7f3784021000 rw-p 00000000 00:00 0 
7f3784021000-7f3788000000 ---p 00000000 00:00 0 
7f378a82c000-7f378ab04000 r--p 00000000 08:06 2098905                    /usr/lib/locale/locale-archive
7f378ab04000-7f378ab07000 ---p 00000000 00:00 0 
7f378ab07000-7f378ac05000 rw-p 00000000 00:00 0 
7f378ac05000-7f378ac08000 ---p 00000000 00:00 0 
7f378ac08000-7f378ad06000 rw-p 00000000 00:00 0 
7f378ad06000-7f378ad07000 ---p 00000000 00:00 0 
7f378ad07000-7f378bdbb000 rw-p 00000000 00:00 0 
7f378bdbb000-7f378bf8a000 r--s 03c21000 08:06 19138388                   /usr/lib/jvm/java-8-openjdk-amd64/jre/lib/rt.jar
7f378bf8a000-7f378c000000 rw-p 00000000 00:00 0 
7f378c000000-7f378c021000 rw-p 00000000 00:00 0 
7f378c021000-7f3790000000 ---p 00000000 00:00 0 
7f3790000000-7f3790021000 rw-p 00000000 00:00 0 
7f3790021000-7f3794000000 ---p 00000000 00:00 0 
7f3794000000-7f3794021000 rw-p 00000000 00:00 0 
7f3794021000-7f3798000000 ---p 00000000 00:00 0 
7f3798009000-7f3799000000 rw-p 00000000 00:00 0 
7f3799000000-7f3799270000 rwxp 00000000 00:00 0 
7f3799270000-7f37a8000000 ---p 00000000 00:00 0 
7f37a8000000-7f37a80b7000 rw-p 00000000 00:00 0 
7f37a80b7000-7f37ac000000 ---p 00000000 00:00 0 
7f37ac00d000-7f37ac468000 rw-p 00000000 00:00 0 
7f37ac468000-7f37ac868000 ---p 00000000 00:00 0 
7f37ac868000-7f37ac869000 ---p 00000000 00:00 0 
7f37ac869000-7f37ac969000 rw-p 00000000 00:00 0 
7f37ac969000-7f37ac96a000 ---p 00000000 00:00 0 
7f37ac96a000-7f37aca6a000 rw-p 00000000 00:00 0 
7f37aca6a000-7f37aca6b000 ---p 00000000 00:00 0 
7f37aca6b000-7f37acb6b000 rw-p 00000000 00:00 0 
7f37acb6b000-7f37acb6c000 ---p 00000000 00:00 0 
7f37acb6c000-7f37acc6f000 rw-p 00000000 00:00 0 
7f37acc6f000-7f37ad6dd000 ---p 00000000 00:00 0 
7f37ad6dd000-7f37ad6e0000 rw-p 00000000 00:00 0 
7f37ad6e0000-7f37ae14d000 ---p 00000000 00:00 0 
7f37ae14d000-7f37ae14f000 rw-p 00000000 00:00 0 
7f37ae14f000-7f37ae686000 ---p 00000000 00:00 0 
7f37ae686000-7f37ae691000 rw-p 00000000 00:00 0 
7f37ae691000-7f37aea47000 ---p 00000000 00:00 0 
7f37aea47000-7f37aea4f000 r-xp 00000000 08:06 25440490                   /usr/lib/jvm/java-8-openjdk-amd64/jre/lib/amd64/libzip.so
7f37aea4f000-7f37aec4e000 ---p 00008000 08:06 25440490                   /usr/lib/jvm/java-8-openjdk-amd64/jre/lib/amd64/libzip.so
7f37aec4e000-7f37aec4f000 r--p 00007000 08:06 25440490                   /usr/lib/jvm/java-8-openjdk-amd64/jre/lib/amd64/libzip.so
7f37aec4f000-7f37aec50000 rw-p 00008000 08:06 25440490                   /usr/lib/jvm/java-8-openjdk-amd64/jre/lib/amd64/libzip.so
7f37aec50000-7f37aec5b000 r-xp 00000000 08:06 29498906                   /lib/x86_64-linux-gnu/libnss_files-2.23.so
7f37aec5b000-7f37aee5a000 ---p 0000b000 08:06 29498906                   /lib/x86_64-linux-gnu/libnss_files-2.23.so
7f37aee5a000-7f37aee5b000 r--p 0000a000 08:06 29498906                   /lib/x86_64-linux-gnu/libnss_files-2.23.so
7f37aee5b000-7f37aee5c000 rw-p 0000b000 08:06 29498906                   /lib/x86_64-linux-gnu/libnss_files-2.23.so
7f37aee5c000-7f37aee62000 rw-p 00000000 00:00 0 
7f37aee62000-7f37aee6d000 r-xp 00000000 08:06 29498910                   /lib/x86_64-linux-gnu/libnss_nis-2.23.so
7f37aee6d000-7f37af06c000 ---p 0000b000 08:06 29498910                   /lib/x86_64-linux-gnu/libnss_nis-2.23.so
7f37af06c000-7f37af06d000 r--p 0000a000 08:06 29498910                   /lib/x86_64-linux-gnu/libnss_nis-2.23.so
7f37af06d000-7f37af06e000 rw-p 0000b000 08:06 29498910                   /lib/x86_64-linux-gnu/libnss_nis-2.23.so
7f37af06e000-7f37af084000 r-xp 00000000 08:06 29498890                   /lib/x86_64-linux-gnu/libnsl-2.23.so
7f37af084000-7f37af283000 ---p 00016000 08:06 29498890                   /lib/x86_64-linux-gnu/libnsl-2.23.so
7f37af283000-7f37af284000 r--p 00015000 08:06 29498890                   /lib/x86_64-linux-gnu/libnsl-2.23.so
7f37af284000-7f37af285000 rw-p 00016000 08:06 29498890                   /lib/x86_64-linux-gnu/libnsl-2.23.so
7f37af285000-7f37af287000 rw-p 00000000 00:00 0 
7f37af287000-7f37af28f000 r-xp 00000000 08:06 29498901                   /lib/x86_64-linux-gnu/libnss_compat-2.23.so
7f37af28f000-7f37af48e000 ---p 00008000 08:06 29498901                   /lib/x86_64-linux-gnu/libnss_compat-2.23.so
7f37af48e000-7f37af48f000 r--p 00007000 08:06 29498901                   /lib/x86_64-linux-gnu/libnss_compat-2.23.so
7f37af48f000-7f37af490000 rw-p 00008000 08:06 29498901                   /lib/x86_64-linux-gnu/libnss_compat-2.23.so
7f37af490000-7f37af4bd000 r-xp 00000000 08:06 25440471                   /usr/lib/jvm/java-8-openjdk-amd64/jre/lib/amd64/libjava.so
7f37af4bd000-7f37af6bc000 ---p 0002d000 08:06 25440471                   /usr/lib/jvm/java-8-openjdk-amd64/jre/lib/amd64/libjava.so
7f37af6bc000-7f37af6bd000 r--p 0002c000 08:06 25440471                   /usr/lib/jvm/java-8-openjdk-amd64/jre/lib/amd64/libjava.so
7f37af6bd000-7f37af6bf000 rw-p 0002d000 08:06 25440471                   /usr/lib/jvm/java-8-openjdk-amd64/jre/lib/amd64/libjava.so
7f37af6bf000-7f37af6ce000 r-xp 00000000 08:06 25440488                   /usr/lib/jvm/java-8-openjdk-amd64/jre/lib/amd64/libverify.so
7f37af6ce000-7f37af8cd000 ---p 0000f000 08:06 25440488                   /usr/lib/jvm/java-8-openjdk-amd64/jre/lib/amd64/libverify.so
7f37af8cd000-7f37af8cf000 r--p 0000e000 08:06 25440488                   /usr/lib/jvm/java-8-openjdk-amd64/jre/lib/amd64/libverify.so
7f37af8cf000-7f37af8d0000 rw-p 00010000 08:06 25440488                   /usr/lib/jvm/java-8-openjdk-amd64/jre/lib/amd64/libverify.so
7f37af8d0000-7f37af8d7000 r-xp 00000000 08:06 29498911                   /lib/x86_64-linux-gnu/librt-2.23.so
7f37af8d7000-7f37afad6000 ---p 00007000 08:06 29498911                   /lib/x86_64-linux-gnu/librt-2.23.so
7f37afad6000-7f37afad7000 r--p 00006000 08:06 29498911                   /lib/x86_64-linux-gnu/librt-2.23.so
7f37afad7000-7f37afad8000 rw-p 00007000 08:06 29498911                   /lib/x86_64-linux-gnu/librt-2.23.so
7f37afad8000-7f37afaee000 r-xp 00000000 08:06 29491561                   /lib/x86_64-linux-gnu/libgcc_s.so.1
7f37afaee000-7f37afced000 ---p 00016000 08:06 29491561                   /lib/x86_64-linux-gnu/libgcc_s.so.1
7f37afced000-7f37afcee000 r--p 00015000 08:06 29491561                   /lib/x86_64-linux-gnu/libgcc_s.so.1
7f37afcee000-7f37afcef000 rw-p 00016000 08:06 29491561                   /lib/x86_64-linux-gnu/libgcc_s.so.1
7f37afcef000-7f37afdf7000 r-xp 00000000 08:06 29491226                   /lib/x86_64-linux-gnu/libm-2.23.so
7f37afdf7000-7f37afff6000 ---p 00108000 08:06 29491226                   /lib/x86_64-linux-gnu/libm-2.23.so
7f37afff6000-7f37afff7000 r--p 00107000 08:06 29491226                   /lib/x86_64-linux-gnu/libm-2.23.so
7f37afff7000-7f37afff8000 rw-p 00108000 08:06 29491226                   /lib/x86_64-linux-gnu/libm-2.23.so
7f37afff8000-7f37b0172000 r-xp 00000000 08:06 2099746                    /usr/lib/x86_64-linux-gnu/libstdc++.so.6.0.24
7f37b0172000-7f37b0371000 ---p 0017a000 08:06 2099746                    /usr/lib/x86_64-linux-gnu/libstdc++.so.6.0.24
7f37b0371000-7f37b037b000 r--p 00179000 08:06 2099746                    /usr/lib/x86_64-linux-gnu/libstdc++.so.6.0.24
7f37b037b000-7f37b037d000 rw-p 00183000 08:06 2099746                    /usr/lib/x86_64-linux-gnu/libstdc++.so.6.0.24
7f37b037d000-7f37b0380000 rw-p 00000000 00:00 0 
7f37b0380000-7f37b0fd2000 r-xp 00000000 08:06 25440482                   /usr/lib/jvm/java-8-openjdk-amd64/jre/lib/amd64/server/libjvm.so
7f37b0fd2000-7f37b11d2000 ---p 00c52000 08:06 25440482                   /usr/lib/jvm/java-8-openjdk-amd64/jre/lib/amd64/server/libjvm.so
7f37b11d2000-7f37b1265000 r--p 00c52000 08:06 25440482                   /usr/lib/jvm/java-8-openjdk-amd64/jre/lib/amd64/server/libjvm.so
7f37b1265000-7f37b128e000 rw-p 00ce5000 08:06 25440482                   /usr/lib/jvm/java-8-openjdk-amd64/jre/lib/amd64/server/libjvm.so
7f37b128e000-7f37b12be000 rw-p 00000000 00:00 0 
7f37b12be000-7f37b12d6000 r-xp 00000000 08:06 29498892                   /lib/x86_64-linux-gnu/libpthread-2.23.so
7f37b12d6000-7f37b14d5000 ---p 00018000 08:06 29498892                   /lib/x86_64-linux-gnu/libpthread-2.23.so
7f37b14d5000-7f37b14d6000 r--p 00017000 08:06 29498892                   /lib/x86_64-linux-gnu/libpthread-2.23.so
7f37b14d6000-7f37b14d7000 rw-p 00018000 08:06 29498892                   /lib/x86_64-linux-gnu/libpthread-2.23.so
7f37b14d7000-7f37b14db000 rw-p 00000000 00:00 0 
7f37b14db000-7f37b14de000 r-xp 00000000 08:06 29498895                   /lib/x86_64-linux-gnu/libdl-2.23.so
7f37b14de000-7f37b16dd000 ---p 00003000 08:06 29498895                   /lib/x86_64-linux-gnu/libdl-2.23.so
7f37b16dd000-7f37b16de000 r--p 00002000 08:06 29498895                   /lib/x86_64-linux-gnu/libdl-2.23.so
7f37b16de000-7f37b16df000 rw-p 00003000 08:06 29498895                   /lib/x86_64-linux-gnu/libdl-2.23.so
7f37b16df000-7f37b16f8000 r-xp 00000000 08:06 29499527                   /lib/x86_64-linux-gnu/libz.so.1.2.8
7f37b16f8000-7f37b18f7000 ---p 00019000 08:06 29499527                   /lib/x86_64-linux-gnu/libz.so.1.2.8
7f37b18f7000-7f37b18f8000 r--p 00018000 08:06 29499527                   /lib/x86_64-linux-gnu/libz.so.1.2.8
7f37b18f8000-7f37b18f9000 rw-p 00019000 08:06 29499527                   /lib/x86_64-linux-gnu/libz.so.1.2.8
7f37b18f9000-7f37b1ab9000 r-xp 00000000 08:06 29498893                   /lib/x86_64-linux-gnu/libc-2.23.so
7f37b1ab9000-7f37b1cb9000 ---p 001c0000 08:06 29498893                   /lib/x86_64-linux-gnu/libc-2.23.so
7f37b1cb9000-7f37b1cbd000 r--p 001c0000 08:06 29498893                   /lib/x86_64-linux-gnu/libc-2.23.so
7f37b1cbd000-7f37b1cbf000 rw-p 001c4000 08:06 29498893                   /lib/x86_64-linux-gnu/libc-2.23.so
7f37b1cbf000-7f37b1cc3000 rw-p 00000000 00:00 0 
7f37b1cc3000-7f37b1cd0000 r-xp 00000000 08:06 25440486                   /usr/lib/jvm/java-8-openjdk-amd64/jre/lib/amd64/jli/libjli.so
7f37b1cd0000-7f37b1ed0000 ---p 0000d000 08:06 25440486                   /usr/lib/jvm/java-8-openjdk-amd64/jre/lib/amd64/jli/libjli.so
7f37b1ed0000-7f37b1ed1000 r--p 0000d000 08:06 25440486                   /usr/lib/jvm/java-8-openjdk-amd64/jre/lib/amd64/jli/libjli.so
7f37b1ed1000-7f37b1ed2000 rw-p 0000e000 08:06 25440486                   /usr/lib/jvm/java-8-openjdk-amd64/jre/lib/amd64/jli/libjli.so
7f37b1ed2000-7f37b1ef8000 r-xp 00000000 08:06 29498891                   /lib/x86_64-linux-gnu/ld-2.23.so
7f37b1f10000-7f37b1fd5000 rw-p 00000000 00:00 0 
7f37b1fd5000-7f37b1fd8000 ---p 00000000 00:00 0 
7f37b1fd8000-7f37b20da000 rw-p 00000000 00:00 0 
7f37b20ec000-7f37b20f4000 rw-s 00000000 08:06 12068662                   /tmp/hsperfdata_mithuntantri/18675
7f37b20f4000-7f37b20f5000 rw-p 00000000 00:00 0 
7f37b20f5000-7f37b20f6000 r--p 00000000 00:00 0 
7f37b20f6000-7f37b20f7000 rw-p 00000000 00:00 0 
7f37b20f7000-7f37b20f8000 r--p 00025000 08:06 29498891                   /lib/x86_64-linux-gnu/ld-2.23.so
7f37b20f8000-7f37b20f9000 rw-p 00026000 08:06 29498891                   /lib/x86_64-linux-gnu/ld-2.23.so
7f37b20f9000-7f37b20fa000 rw-p 00000000 00:00 0 
7ffd28ed3000-7ffd28ef5000 rw-p 00000000 00:00 0                          [stack]
7ffd28ff0000-7ffd28ff2000 r--p 00000000 00:00 0                          [vvar]
7ffd28ff2000-7ffd28ff4000 r-xp 00000000 00:00 0                          [vdso]
ffffffffff600000-ffffffffff601000 r-xp 00000000 00:00 0                  [vsyscall]

VM Arguments:
jvm_args: -Dapplication.home=/usr/lib/jvm/java-8-openjdk-amd64 -Xms8m 
java_command: com.sun.tools.javac.Main -version
java_class_path (initial): /usr/lib/jvm/java-8-openjdk-amd64/lib/tools.jar:/usr/lib/jvm/java-8-openjdk-amd64/classes
Launcher Type: SUN_STANDARD

Environment Variables:
JAVA_HOME=/usr/lib/jvm/java-8-openjdk-amd64
PATH=/home/mithuntantri/Android/Sdk/platform-tools:/home/mithuntantri/Android/Sdk/tools:/home/mithuntantri/bin:/home/mithuntantri/.local/bin:/usr/local/sbin:/usr/local/bin:/usr/sbin:/usr/bin:/sbin:/bin:/usr/games:/usr/local/games:/usr/local/go/bin:/home/mithuntantri/capitalquotient/go/bin:/usr/local/go/bin:/usr/local/go/bin:/home/mithuntantri/Downloads/geckodriver:/opt/gradle/gradle-4.6/bin:/home/mithuntantri/Android/Sdk/tools/bin
SHELL=/bin/bash
DISPLAY=:0

Signal Handlers:
SIGSEGV: [libjvm.so+0xa69040], sa_mask[0]=11111111011111111101111111111110, sa_flags=SA_RESTART|SA_SIGINFO
SIGBUS: [libjvm.so+0xa69040], sa_mask[0]=11111111011111111101111111111110, sa_flags=SA_RESTART|SA_SIGINFO
SIGFPE: [libjvm.so+0x8b2170], sa_mask[0]=11111111011111111101111111111110, sa_flags=SA_RESTART|SA_SIGINFO
SIGPIPE: [libjvm.so+0x8b2170], sa_mask[0]=11111111011111111101111111111110, sa_flags=SA_RESTART|SA_SIGINFO
SIGXFSZ: [libjvm.so+0x8b2170], sa_mask[0]=11111111011111111101111111111110, sa_flags=SA_RESTART|SA_SIGINFO
SIGILL: [libjvm.so+0x8b2170], sa_mask[0]=11111111011111111101111111111110, sa_flags=SA_RESTART|SA_SIGINFO
SIGUSR1: SIG_DFL, sa_mask[0]=00000000000000000000000000000000, sa_flags=none
SIGUSR2: [libjvm.so+0x8b2020], sa_mask[0]=00000000000000000000000000000000, sa_flags=SA_RESTART|SA_SIGINFO
SIGHUP: SIG_DFL, sa_mask[0]=00000000000000000000000000000000, sa_flags=none
SIGINT: SIG_DFL, sa_mask[0]=00000000000000000000000000000000, sa_flags=none
SIGTERM: SIG_DFL, sa_mask[0]=00000000000000000000000000000000, sa_flags=none
SIGQUIT: SIG_DFL, sa_mask[0]=00000000000000000000000000000000, sa_flags=none


---------------  S Y S T E M  ---------------

OS:DISTRIB_ID=LinuxMint
DISTRIB_RELEASE=18.3
DISTRIB_CODENAME=sylvia
DISTRIB_DESCRIPTION="Linux Mint 18.3 Sylvia"

uname:Linux 4.10.0-38-generic #42~16.04.1-Ubuntu SMP Tue Oct 10 16:32:20 UTC 2017 x86_64
libc:glibc 2.23 NPTL 2.23 
rlimit: STACK 8192k, CORE 0k, NPROC 127874, NOFILE 1048576, AS infinity
load average:2.08 1.75 1.20

/proc/meminfo:
MemTotal:       32834528 kB
MemFree:        22043892 kB
MemAvailable:   28584240 kB
Buffers:          380320 kB
Cached:          6537900 kB
SwapCached:            0 kB
Active:          4948004 kB
Inactive:        5292000 kB
Active(anon):    3321120 kB
Inactive(anon):   234896 kB
Active(file):    1626884 kB
Inactive(file):  5057104 kB
Unevictable:         104 kB
Mlocked:             104 kB
SwapTotal:      12471292 kB
SwapFree:       12471292 kB
Dirty:               236 kB
Writeback:             0 kB
AnonPages:       3167992 kB
Mapped:           467940 kB
Shmem:            234232 kB
Slab:             378464 kB
SReclaimable:     325620 kB
SUnreclaim:        52844 kB
KernelStack:       12832 kB
PageTables:        43820 kB
NFS_Unstable:          0 kB
Bounce:                0 kB
WritebackTmp:          0 kB
CommitLimit:    28888556 kB
Committed_AS:    8631944 kB
VmallocTotal:   34359738367 kB
VmallocUsed:           0 kB
VmallocChunk:          0 kB
HardwareCorrupted:     0 kB
AnonHugePages:   2066432 kB
ShmemHugePages:        0 kB
ShmemPmdMapped:        0 kB
CmaTotal:              0 kB
CmaFree:               0 kB
HugePages_Total:       0
HugePages_Free:        0
HugePages_Rsvd:        0
HugePages_Surp:        0
Hugepagesize:       2048 kB
DirectMap4k:      193936 kB
DirectMap2M:    13326336 kB
DirectMap1G:    19922944 kB


CPU:total 4 (initial active 4) (2 cores per cpu, 2 threads per core) family 6 model 78 stepping 3, cmov, cx8, fxsr, mmx, sse, sse2, sse3, ssse3, sse4.1, sse4.2, popcnt, avx, avx2, aes, clmul, erms, 3dnowpref, lzcnt, ht, tsc, tscinvbit, bmi1, bmi2, adx

/proc/cpuinfo:
processor	: 0
vendor_id	: GenuineIntel
cpu family	: 6
model		: 78
model name	: Intel(R) Core(TM) i3-6006U CPU @ 2.00GHz
stepping	: 3
microcode	: 0x9e
cpu MHz		: 2000.000
cache size	: 3072 KB
physical id	: 0
siblings	: 4
core id		: 0
cpu cores	: 2
apicid		: 0
initial apicid	: 0
fpu		: yes
fpu_exception	: yes
cpuid level	: 22
wp		: yes
flags		: fpu vme de pse tsc msr pae mce cx8 apic sep mtrr pge mca cmov pat pse36 clflush dts acpi mmx fxsr sse sse2 ss ht tm pbe syscall nx pdpe1gb rdtscp lm constant_tsc art arch_perfmon pebs bts rep_good nopl xtopology nonstop_tsc aperfmperf tsc_known_freq pni pclmulqdq dtes64 monitor ds_cpl vmx est tm2 ssse3 sdbg fma cx16 xtpr pdcm pcid sse4_1 sse4_2 x2apic movbe popcnt tsc_deadline_timer aes xsave avx f16c rdrand lahf_lm abm 3dnowprefetch epb intel_pt tpr_shadow vnmi flexpriority ept vpid fsgsbase tsc_adjust bmi1 avx2 smep bmi2 erms invpcid mpx rdseed adx smap clflushopt xsaveopt xsavec xgetbv1 xsaves dtherm arat pln pts hwp hwp_notify hwp_act_window hwp_epp
bugs		:
bogomips	: 3984.00
clflush size	: 64
cache_alignment	: 64
address sizes	: 39 bits physical, 48 bits virtual
power management:

processor	: 1
vendor_id	: GenuineIntel
cpu family	: 6
model		: 78
model name	: Intel(R) Core(TM) i3-6006U CPU @ 2.00GHz
stepping	: 3
microcode	: 0x9e
cpu MHz		: 2000.000
cache size	: 3072 KB
physical id	: 0
siblings	: 4
core id		: 1
cpu cores	: 2
apicid		: 2
initial apicid	: 2
fpu		: yes
fpu_exception	: yes
cpuid level	: 22
wp		: yes
flags		: fpu vme de pse tsc msr pae mce cx8 apic sep mtrr pge mca cmov pat pse36 clflush dts acpi mmx fxsr sse sse2 ss ht tm pbe syscall nx pdpe1gb rdtscp lm constant_tsc art arch_perfmon pebs bts rep_good nopl xtopology nonstop_tsc aperfmperf tsc_known_freq pni pclmulqdq dtes64 monitor ds_cpl vmx est tm2 ssse3 sdbg fma cx16 xtpr pdcm pcid sse4_1 sse4_2 x2apic movbe popcnt tsc_deadline_timer aes xsave avx f16c rdrand lahf_lm abm 3dnowprefetch epb intel_pt tpr_shadow vnmi flexpriority ept vpid fsgsbase tsc_adjust bmi1 avx2 smep bmi2 erms invpcid mpx rdseed adx smap clflushopt xsaveopt xsavec xgetbv1 xsaves dtherm arat pln pts hwp hwp_notify hwp_act_window hwp_epp
bugs		:
bogomips	: 3984.00
clflush size	: 64
cache_alignment	: 64
address sizes	: 39 bits physical, 48 bits virtual
power management:

processor	: 2
vendor_id	: GenuineIntel
cpu family	: 6
model		: 78
model name	: Intel(R) Core(TM) i3-6006U CPU @ 2.00GHz
stepping	: 3
microcode	: 0x9e
cpu MHz		: 2000.000
cache size	: 3072 KB
physical id	: 0
siblings	: 4
core id		: 0
cpu cores	: 2
apicid		: 1
initial apicid	: 1
fpu		: yes
fpu_exception	: yes
cpuid level	: 22
wp		: yes
flags		: fpu vme de pse tsc msr pae mce cx8 apic sep mtrr pge mca cmov pat pse36 clflush dts acpi mmx fxsr sse sse2 ss ht tm pbe syscall nx pdpe1gb rdtscp lm constant_tsc art arch_perfmon pebs bts rep_good nopl xtopology nonstop_tsc aperfmperf tsc_known_freq pni pclmulqdq dtes64 monitor ds_cpl vmx est tm2 ssse3 sdbg fma cx16 xtpr pdcm pcid sse4_1 sse4_2 x2apic movbe popcnt tsc_deadline_timer aes xsave avx f16c rdrand lahf_lm abm 3dnowprefetch epb intel_pt tpr_shadow vnmi flexpriority ept vpid fsgsbase tsc_adjust bmi1 avx2 smep bmi2 erms invpcid mpx rdseed adx smap clflushopt xsaveopt xsavec xgetbv1 xsaves dtherm arat pln pts hwp hwp_notify hwp_act_window hwp_epp
bugs		:
bogomips	: 3984.00
clflush size	: 64
cache_alignment	: 64
address sizes	: 39 bits physical, 48 bits virtual
power management:

processor	: 3
vendor_id	: GenuineIntel
cpu family	: 6
model		: 78
model name	: Intel(R) Core(TM) i3-6006U CPU @ 2.00GHz
stepping	: 3
microcode	: 0x9e
cpu MHz		: 2000.000
cache size	: 3072 KB
physical id	: 0
siblings	: 4
core id		: 1
cpu cores	: 2
apicid		: 3
initial apicid	: 3
fpu		: yes
fpu_exception	: yes
cpuid level	: 22
wp		: yes
flags		: fpu vme de pse tsc msr pae mce cx8 apic sep mtrr pge mca cmov pat pse36 clflush dts acpi mmx fxsr sse sse2 ss ht tm pbe syscall nx pdpe1gb rdtscp lm constant_tsc art arch_perfmon pebs bts rep_good nopl xtopology nonstop_tsc aperfmperf tsc_known_freq pni pclmulqdq dtes64 monitor ds_cpl vmx est tm2 ssse3 sdbg fma cx16 xtpr pdcm pcid sse4_1 sse4_2 x2apic movbe popcnt tsc_deadline_timer aes xsave avx f16c rdrand lahf_lm abm 3dnowprefetch epb intel_pt tpr_shadow vnmi flexpriority ept vpid fsgsbase tsc_adjust bmi1 avx2 smep bmi2 erms invpcid mpx rdseed adx smap clflushopt xsaveopt xsavec xgetbv1 xsaves dtherm arat pln pts hwp hwp_notify hwp_act_window hwp_epp
bugs		:
bogomips	: 3984.00
clflush size	: 64
cache_alignment	: 64
address sizes	: 39 bits physical, 48 bits virtual
power management:



Memory: 4k page, physical 32834528k(22043892k free), swap 12471292k(12471292k free)

vm_info: OpenJDK 64-Bit Server VM (25.151-b12) for linux-amd64 JRE (1.8.0_151-8u151-b12-0ubuntu0.16.04.2-b12), built on Oct 27 2017 21:59:02 by "buildd" with gcc 5.4.0 20160609

time: Fri Apr 27 14:01:33 2018
elapsed time: 0 seconds (0d 0h 0m 0s)

