#
# A fatal error has been detected by the Java Runtime Environment:
#
#  SIGSEGV (0xb) at pc=0x00007f6064e9cfd0, pid=15491, tid=0x00007f607b2af700
#
# JRE version: OpenJDK Runtime Environment (8.0_151-b12) (build 1.8.0_151-8u151-b12-0ubuntu0.16.04.2-b12)
# Java VM: OpenJDK 64-Bit Server VM (25.151-b12 mixed mode linux-amd64 compressed oops)
# Problematic frame:
# J 648 C1 sun.net.util.URLUtil.urlNoFragString(Ljava/net/URL;)Ljava/lang/String; (114 bytes) @ 0x00007f6064e9cfd0 [0x00007f6064e9cee0+0xf0]
#
# Failed to write core dump. Core dumps have been disabled. To enable core dumping, try "ulimit -c unlimited" before starting Java again
#
# If you would like to submit a bug report, please visit:
#   http://bugreport.java.com/bugreport/crash.jsp
#

---------------  T H R E A D  ---------------

Current thread (0x00007f607400a000):  JavaThread "main" [_thread_in_Java, id=15498, stack(0x00007f607b1af000,0x00007f607b2b0000)]

siginfo: si_signo: 11 (SIGSEGV), si_code: 128 (SI_KERNEL), si_addr: 0x0000000000000000

Registers:
RAX=0x000000071c00c910, RBX=0x0000ff60614a2fc8, RCX=0x0000000000000000, RDX=0x00007f60614a2e98
RSP=0x00007f607b2ac500, RBP=0x00007f607b2ac5e8, RSI=0x000000071c00c498, RDI=0x000000071c00c928
R8 =0x000000071c00c498, R9 =0x0000000000000004, R10=0x00007f607a48c880, R11=0x00007f6064e9cee0
R12=0x0000000000000000, R13=0x00007f607b2ac598, R14=0x00007f607b2ac620, R15=0x00007f607400a000
RIP=0x00007f6064e9cfd0, EFLAGS=0x0000000000010202, CSGSFS=0x002b000000000033, ERR=0x0000000000000000
  TRAPNO=0x000000000000000d

Top of Stack: (sp=0x00007f607b2ac500)
0x00007f607b2ac500:   0000000000000000 0000000000000000
0x00007f607b2ac510:   00007f607b2ac500 00007f60614127e3
0x00007f607b2ac520:   00007f607b2ac590 00007f6061414a80
0x00007f607b2ac530:   0000000000000000 00007f6061412898
0x00007f607b2ac540:   0000000000000000 00007f607b2ac580
0x00007f607b2ac550:   00007f607b2ac5e8 000000071c00c498
0x00007f607b2ac560:   0000000000000000 0000000000000000
0x00007f607b2ac570:   000000071c00c830 0000000718f8a5e8
0x00007f607b2ac580:   00007f607b2ac5e8 00007f6064becd80
0x00007f607b2ac590:   00007f6064becd80 000000071c00c498
0x00007f607b2ac5a0:   00000007190a8a78 00007f607b2ac5a8
0x00007f607b2ac5b0:   00007f606151482b 00007f607b2ac620
0x00007f607b2ac5c0:   00007f6061514ac8 0000000000000000
0x00007f607b2ac5d0:   00007f60615148c8 00007f607b2ac598
0x00007f607b2ac5e0:   00007f607b2ac618 00007f607b2ac678
0x00007f607b2ac5f0:   00007f6064becd80 0000000000000000
0x00007f607b2ac600:   0000000000000000 0000000000000000
0x00007f607b2ac610:   0000000000000000 000000071c00c498
0x00007f607b2ac620:   00000007190a8ad8 0000000000000001
0x00007f607b2ac630:   00000007190a8ad8 00007f607b2ac628
0x00007f607b2ac640:   00007f60615145f5 00007f607b2ac6c0
0x00007f607b2ac650:   00007f6061514ac8 0000000000000000
0x00007f607b2ac660:   00007f60615146b0 00007f607b2ac618
0x00007f607b2ac670:   00007f607b2ac6b0 00007f607b2ac710
0x00007f607b2ac680:   00007f6064becd80 0000000000000000
0x00007f607b2ac690:   0000000000000000 00000007190a8ad8
0x00007f607b2ac6a0:   0000000000000000 0000000000000000
0x00007f607b2ac6b0:   0000000000000001 000000071c00c498
0x00007f607b2ac6c0:   00000007190a8ad8 000000071c00c440
0x00007f607b2ac6d0:   00007f607b2ac6d0 00007f6061511763
0x00007f607b2ac6e0:   00007f607b2ac728 00007f60615133a0
0x00007f607b2ac6f0:   0000000000000000 00007f6061511808 

Instructions: (pc=0x00007f6064e9cfd0)
0x00007f6064e9cfb0:   00 48 8b d8 48 ba 98 2e 4a 61 60 7f 00 00 48 83
0x00007f6064e9cfc0:   82 08 01 00 00 01 48 bb c8 2f 4a 61 60 ff 00 00
0x00007f6064e9cfd0:   8b 93 dc 00 00 01 83 c2 08 89 93 dc 00 00 00 48
0x00007f6064e9cfe0:   bb b0 14 2d 61 60 7f 00 00 81 e2 f8 ff 7b 00 83 

Register to memory mapping:

RAX=0x000000071c00c910 is an oop
java.lang.StringBuilder 
 - klass: 'java/lang/StringBuilder'
RBX=0x0000ff60614a2fc8 is an unknown value
RCX=0x0000000000000000 is an unknown value
RDX=0x00007f60614a2e98 is pointing into metadata
RSP=0x00007f607b2ac500 is pointing into the stack for thread: 0x00007f607400a000
RBP=0x00007f607b2ac5e8 is pointing into the stack for thread: 0x00007f607400a000
RSI=0x000000071c00c498 is an oop
java.net.URL 
 - klass: 'java/net/URL'
RDI=0x000000071c00c928 is an oop

[error occurred during error reporting (printing register info), id 0xb]

Stack: [0x00007f607b1af000,0x00007f607b2b0000],  sp=0x00007f607b2ac500,  free space=1013k
Native frames: (J=compiled Java code, j=interpreted, Vv=VM code, C=native code)
J 648 C1 sun.net.util.URLUtil.urlNoFragString(Ljava/net/URL;)Ljava/lang/String; (114 bytes) @ 0x00007f6064e9cfd0 [0x00007f6064e9cee0+0xf0]
j  sun.net.www.protocol.jar.JarFileFactory.getCachedJarFile(Ljava/net/URL;)Ljava/util/jar/JarFile;+27
j  sun.net.www.protocol.jar.JarFileFactory.get(Ljava/net/URL;Z)Ljava/util/jar/JarFile;+13
j  sun.net.www.protocol.jar.JarURLConnection.connect()V+19
j  sun.net.www.protocol.jar.JarURLConnection.getInputStream()Ljava/io/InputStream;+1
j  java.net.URL.openStream()Ljava/io/InputStream;+4
j  org.gradle.internal.service.DefaultServiceLocator.extractImplementationClassNames(Ljava/net/URL;)Ljava/util/List;+1
j  org.gradle.internal.service.DefaultServiceLocator.findServiceImplementations(Ljava/lang/Class;)Ljava/util/List;+106
j  org.gradle.internal.service.DefaultServiceLocator.implementationsOf(Ljava/lang/Class;)Ljava/util/List;+2
j  org.gradle.internal.service.DefaultServiceLocator.findFactoriesForServiceType(Ljava/lang/Class;)Ljava/util/List;+4
j  org.gradle.internal.service.DefaultServiceLocator.getAll(Ljava/lang/Class;)Ljava/util/List;+2
j  org.gradle.internal.service.scopes.GlobalScopeServices.configure(Lorg/gradle/internal/service/ServiceRegistration;Lorg/gradle/initialization/ClassLoaderRegistry;)V+32
v  ~StubRoutines::call_stub
V  [libjvm.so+0x66287b]
V  [libjvm.so+0x938be6]
V  [libjvm.so+0x93a8ff]
V  [libjvm.so+0x6ae419]  JVM_InvokeMethod+0x119
j  sun.reflect.NativeMethodAccessorImpl.invoke0(Ljava/lang/reflect/Method;Ljava/lang/Object;[Ljava/lang/Object;)Ljava/lang/Object;+0
j  sun.reflect.NativeMethodAccessorImpl.invoke(Ljava/lang/Object;[Ljava/lang/Object;)Ljava/lang/Object;+100
j  sun.reflect.DelegatingMethodAccessorImpl.invoke(Ljava/lang/Object;[Ljava/lang/Object;)Ljava/lang/Object;+6
j  java.lang.reflect.Method.invoke(Ljava/lang/Object;[Ljava/lang/Object;)Ljava/lang/Object;+56
j  org.gradle.internal.reflect.JavaMethod.invoke(Ljava/lang/Object;[Ljava/lang/Object;)Ljava/lang/Object;+6
j  org.gradle.internal.service.DefaultServiceRegistry.invoke(Ljava/lang/reflect/Method;Ljava/lang/Object;[Ljava/lang/Object;)Ljava/lang/Object;+9
j  org.gradle.internal.service.DefaultServiceRegistry.applyConfigureMethod(Ljava/lang/reflect/Method;Ljava/lang/Object;)V+143
j  org.gradle.internal.service.DefaultServiceRegistry.findProviderMethods(Ljava/lang/Object;)V+195
j  org.gradle.internal.service.DefaultServiceRegistry.addProvider(Ljava/lang/Object;)Lorg/gradle/internal/service/DefaultServiceRegistry;+6
j  org.gradle.internal.service.ServiceRegistryBuilder.build()Lorg/gradle/internal/service/ServiceRegistry;+44
j  org.gradle.launcher.cli.BuildActionsFactory.createGlobalClientServices()Lorg/gradle/internal/service/ServiceRegistry;+35
j  org.gradle.launcher.cli.BuildActionsFactory.runBuildWithDaemon(Lorg/gradle/StartParameter;Lorg/gradle/launcher/daemon/configuration/DaemonParameters;Lorg/gradle/internal/service/ServiceRegistry;)Ljava/lang/Runnable;+1
j  org.gradle.launcher.cli.BuildActionsFactory.createAction(Lorg/gradle/cli/CommandLineParser;Lorg/gradle/cli/ParsedCommandLine;)Ljava/lang/Runnable;+173
j  org.gradle.launcher.cli.CommandLineActionFactory$ParseAndBuildAction.createAction(Ljava/lang/Iterable;Lorg/gradle/cli/CommandLineParser;Lorg/gradle/cli/ParsedCommandLine;)Lorg/gradle/api/Action;+34
j  org.gradle.launcher.cli.CommandLineActionFactory$ParseAndBuildAction.execute(Lorg/gradle/launcher/bootstrap/ExecutionListener;)V+99
j  org.gradle.launcher.cli.CommandLineActionFactory$ParseAndBuildAction.execute(Ljava/lang/Object;)V+5
j  org.gradle.launcher.cli.JavaRuntimeValidationAction.execute(Lorg/gradle/launcher/bootstrap/ExecutionListener;)V+13
j  org.gradle.launcher.cli.JavaRuntimeValidationAction.execute(Ljava/lang/Object;)V+5
j  org.gradle.launcher.cli.ExceptionReportingAction.execute(Lorg/gradle/launcher/bootstrap/ExecutionListener;)V+5
j  org.gradle.launcher.cli.ExceptionReportingAction.execute(Ljava/lang/Object;)V+5
j  org.gradle.launcher.cli.CommandLineActionFactory$WithLogging.execute(Lorg/gradle/launcher/bootstrap/ExecutionListener;)V+178
j  org.gradle.launcher.cli.CommandLineActionFactory$WithLogging.execute(Ljava/lang/Object;)V+5
j  org.gradle.launcher.Main.doAction([Ljava/lang/String;Lorg/gradle/launcher/bootstrap/ExecutionListener;)V+12
j  org.gradle.launcher.bootstrap.EntryPoint.run([Ljava/lang/String;)V+12
v  ~StubRoutines::call_stub
V  [libjvm.so+0x66287b]
V  [libjvm.so+0x938be6]
V  [libjvm.so+0x93a8ff]
V  [libjvm.so+0x6ae419]  JVM_InvokeMethod+0x119
j  sun.reflect.NativeMethodAccessorImpl.invoke0(Ljava/lang/reflect/Method;Ljava/lang/Object;[Ljava/lang/Object;)Ljava/lang/Object;+0
j  sun.reflect.NativeMethodAccessorImpl.invoke(Ljava/lang/Object;[Ljava/lang/Object;)Ljava/lang/Object;+100
j  sun.reflect.DelegatingMethodAccessorImpl.invoke(Ljava/lang/Object;[Ljava/lang/Object;)Ljava/lang/Object;+6
j  java.lang.reflect.Method.invoke(Ljava/lang/Object;[Ljava/lang/Object;)Ljava/lang/Object;+56
j  org.gradle.launcher.bootstrap.ProcessBootstrap.runNoExit(Ljava/lang/String;[Ljava/lang/String;)V+147
j  org.gradle.launcher.bootstrap.ProcessBootstrap.run(Ljava/lang/String;[Ljava/lang/String;)V+3
j  org.gradle.launcher.GradleMain.main([Ljava/lang/String;)V+10
v  ~StubRoutines::call_stub
V  [libjvm.so+0x66287b]
V  [libjvm.so+0x938be6]
V  [libjvm.so+0x93a8ff]
V  [libjvm.so+0x6ae419]  JVM_InvokeMethod+0x119
j  sun.reflect.NativeMethodAccessorImpl.invoke0(Ljava/lang/reflect/Method;Ljava/lang/Object;[Ljava/lang/Object;)Ljava/lang/Object;+0
j  sun.reflect.NativeMethodAccessorImpl.invoke(Ljava/lang/Object;[Ljava/lang/Object;)Ljava/lang/Object;+100
j  sun.reflect.DelegatingMethodAccessorImpl.invoke(Ljava/lang/Object;[Ljava/lang/Object;)Ljava/lang/Object;+6
j  java.lang.reflect.Method.invoke(Ljava/lang/Object;[Ljava/lang/Object;)Ljava/lang/Object;+56
j  org.gradle.wrapper.BootstrapMainStarter.start([Ljava/lang/String;Ljava/io/File;)V+82
j  org.gradle.wrapper.WrapperExecutor.execute([Ljava/lang/String;Lorg/gradle/wrapper/Install;Lorg/gradle/wrapper/BootstrapMainStarter;)V+14
j  org.gradle.wrapper.GradleWrapperMain.main([Ljava/lang/String;)V+190
v  ~StubRoutines::call_stub
V  [libjvm.so+0x66287b]
V  [libjvm.so+0x68452e]
V  [libjvm.so+0x686e5f]
C  [libjli.so+0x3552]
C  [libjli.so+0x73dd]
C  [libpthread.so.0+0x76ba]  start_thread+0xca


---------------  P R O C E S S  ---------------

Java Threads: ( => current thread )
  0x00007f60740c1000 JavaThread "Service Thread" daemon [_thread_blocked, id=15510, stack(0x00007f605b41f000,0x00007f605b520000)]
  0x00007f60740b1800 JavaThread "C1 CompilerThread2" daemon [_thread_blocked, id=15509, stack(0x00007f605b520000,0x00007f605b621000)]
  0x00007f60740af800 JavaThread "C2 CompilerThread1" daemon [_thread_blocked, id=15508, stack(0x00007f605b621000,0x00007f605b722000)]
  0x00007f60740ad000 JavaThread "C2 CompilerThread0" daemon [_thread_blocked, id=15507, stack(0x00007f605b722000,0x00007f605b823000)]
  0x00007f60740aa800 JavaThread "Signal Dispatcher" daemon [_thread_blocked, id=15506, stack(0x00007f605b823000,0x00007f605b924000)]
  0x00007f6074083800 JavaThread "Finalizer" daemon [_thread_blocked, id=15505, stack(0x00007f605bbfc000,0x00007f605bcfd000)]
  0x00007f607407f000 JavaThread "Reference Handler" daemon [_thread_blocked, id=15504, stack(0x00007f605bcfd000,0x00007f605bdfe000)]
=>0x00007f607400a000 JavaThread "main" [_thread_in_Java, id=15498, stack(0x00007f607b1af000,0x00007f607b2b0000)]

Other Threads:
  0x00007f6074077800 VMThread [stack: 0x00007f605bdfe000,0x00007f605beff000] [id=15503]
  0x00007f60740c3800 WatcherThread [stack: 0x00007f605b31e000,0x00007f605b41f000] [id=15511]

VM state:not at safepoint (normal execution)

VM Mutex/Monitor currently owned by a thread: None

Heap:
 PSYoungGen      total 150016K, used 51631K [0x0000000718f80000, 0x0000000723680000, 0x00000007c0000000)
  eden space 129024K, 40% used [0x0000000718f80000,0x000000071c1ebd48,0x0000000720d80000)
  from space 20992K, 0% used [0x0000000722200000,0x0000000722200000,0x0000000723680000)
  to   space 20992K, 0% used [0x0000000720d80000,0x0000000720d80000,0x0000000722200000)
 ParOldGen       total 343040K, used 0K [0x00000005cae00000, 0x00000005dfd00000, 0x0000000718f80000)
  object space 343040K, 0% used [0x00000005cae00000,0x00000005cae00000,0x00000005dfd00000)
 Metaspace       used 8269K, capacity 8536K, committed 8704K, reserved 1056768K
  class space    used 1052K, capacity 1160K, committed 1280K, reserved 1048576K

Card table byte_map: [0x00007f606387b000,0x00007f6064825000] byte_map_base: 0x00007f6060a24000

Marking Bits: (ParMarkBitMap*) 0x00007f607a47b2c0
 Begin Bits: [0x00007f6034570000, 0x00007f603c2b8000)
 End Bits:   [0x00007f603c2b8000, 0x00007f6044000000)

Polling page: 0x00007f607b2cf000

CodeCache: size=245760Kb used=2790Kb max_used=2790Kb free=242969Kb
 bounds [0x00007f6064be5000, 0x00007f6064ea5000, 0x00007f6073be5000]
 total_blobs=952 nmethods=654 adapters=213
 compilation: enabled

Compilation events (10 events):
Event: 0.631 Thread 0x00007f60740b1800 nmethod 646 0x00007f6064e94410 code [0x00007f6064e94560, 0x00007f6064e946b0]
Event: 0.631 Thread 0x00007f60740b1800  649       3       java.util.regex.Pattern::sequence (553 bytes)
Event: 0.636 Thread 0x00007f60740b1800 nmethod 649 0x00007f6064e976d0 code [0x00007f6064e97c40, 0x00007f6064e9ad58]
Event: 0.636 Thread 0x00007f60740b1800  648       3       sun.net.util.URLUtil::urlNoFragString (114 bytes)
Event: 0.637 Thread 0x00007f60740b1800 nmethod 648 0x00007f6064e9cc50 code [0x00007f6064e9cee0, 0x00007f6064e9e388]
Event: 0.637 Thread 0x00007f60740b1800  650   !   3       java.util.jar.JarFile::getBytes (96 bytes)
Event: 0.638 Thread 0x00007f60740b1800 nmethod 650 0x00007f6064e9ead0 code [0x00007f6064e9ecc0, 0x00007f6064e9f418]
Event: 0.638 Thread 0x00007f60740b1800  651       3       java.util.jar.JarEntry::<init> (6 bytes)
Event: 0.638 Thread 0x00007f60740b1800 nmethod 651 0x00007f6064e9f790 code [0x00007f6064e9f900, 0x00007f6064e9fa88]
Event: 0.638 Thread 0x00007f60740b1800  652       3       java.nio.charset.CharsetEncoder::replaceWith (89 bytes)

GC Heap History (0 events):
No events

Deoptimization events (2 events):
Event: 0.507 Thread 0x00007f607400a000 Uncommon trap: reason=unstable_if action=reinterpret pc=0x00007f6064da0458 method=java.lang.String.replace(CC)Ljava/lang/String; @ 26
Event: 0.578 Thread 0x00007f607400a000 Uncommon trap: reason=unstable_if action=reinterpret pc=0x00007f6064e3e1f4 method=java.io.File.equals(Ljava/lang/Object;)Z @ 19

Internal exceptions (10 events):
Event: 0.218 Thread 0x00007f607400a000 Exception <a 'java/lang/ArrayIndexOutOfBoundsException': 40> (0x00000007199b88d8) thrown at [/build/openjdk-8-W2Qe27/openjdk-8-8u151-b12/src/hotspot/src/share/vm/interpreter/interpreterRuntime.cpp, line 366]
Event: 0.311 Thread 0x00007f607400a000 Exception <a 'java/lang/ArrayIndexOutOfBoundsException'> (0x0000000719e3afe8) thrown at [/build/openjdk-8-W2Qe27/openjdk-8-8u151-b12/src/hotspot/src/share/vm/runtime/sharedRuntime.cpp, line 605]
Event: 0.312 Thread 0x00007f607400a000 Exception <a 'java/lang/ArrayIndexOutOfBoundsException'> (0x0000000719e3bea8) thrown at [/build/openjdk-8-W2Qe27/openjdk-8-8u151-b12/src/hotspot/src/share/vm/runtime/sharedRuntime.cpp, line 605]
Event: 0.321 Thread 0x00007f607400a000 Exception <a 'java/security/PrivilegedActionException'> (0x0000000719e882e8) thrown at [/build/openjdk-8-W2Qe27/openjdk-8-8u151-b12/src/hotspot/src/share/vm/prims/jvm.cpp, line 1390]
Event: 0.321 Thread 0x00007f607400a000 Exception <a 'java/security/PrivilegedActionException'> (0x0000000719e886e0) thrown at [/build/openjdk-8-W2Qe27/openjdk-8-8u151-b12/src/hotspot/src/share/vm/prims/jvm.cpp, line 1390]
Event: 0.467 Thread 0x00007f607400a000 Exception <a 'java/lang/ArrayIndexOutOfBoundsException'> (0x000000071a8e5ef0) thrown at [/build/openjdk-8-W2Qe27/openjdk-8-8u151-b12/src/hotspot/src/share/vm/runtime/sharedRuntime.cpp, line 605]
Event: 0.467 Thread 0x00007f607400a000 Exception <a 'java/lang/ArrayIndexOutOfBoundsException'> (0x000000071a8e70a8) thrown at [/build/openjdk-8-W2Qe27/openjdk-8-8u151-b12/src/hotspot/src/share/vm/runtime/sharedRuntime.cpp, line 605]
Event: 0.467 Thread 0x00007f607400a000 Exception <a 'java/lang/ArrayIndexOutOfBoundsException'> (0x000000071a8e91a8) thrown at [/build/openjdk-8-W2Qe27/openjdk-8-8u151-b12/src/hotspot/src/share/vm/runtime/sharedRuntime.cpp, line 605]
Event: 0.467 Thread 0x00007f607400a000 Exception <a 'java/lang/ArrayIndexOutOfBoundsException'> (0x000000071a8eaf30) thrown at [/build/openjdk-8-W2Qe27/openjdk-8-8u151-b12/src/hotspot/src/share/vm/runtime/sharedRuntime.cpp, line 605]
Event: 0.638 Thread 0x00007f607400a000 Implicit null exception at 0x00007f6064e9cfd0 to 0x0000000000000000

Events (10 events):
Event: 0.633 loading class org/gradle/play/internal/toolchain/PlayToolChainServiceRegistry
Event: 0.633 loading class org/gradle/play/internal/toolchain/PlayToolChainServiceRegistry done
Event: 0.634 loading class org/gradle/api/internal/tasks/CompileServices
Event: 0.634 loading class org/gradle/api/internal/tasks/CompileServices done
Event: 0.635 loading class org/gradle/api/publish/internal/PublishServices
Event: 0.635 loading class org/gradle/api/publish/internal/PublishServices done
Event: 0.636 loading class org/gradle/internal/resource/transport/aws/s3/S3ResourcesPluginServiceRegistry
Event: 0.636 loading class org/gradle/internal/resource/transport/aws/s3/S3ResourcesPluginServiceRegistry done
Event: 0.637 loading class org/gradle/internal/resource/transport/sftp/SftpResourcesPluginServiceRegistry
Event: 0.637 loading class org/gradle/internal/resource/transport/sftp/SftpResourcesPluginServiceRegistry done


Dynamic libraries:
00400000-00401000 r-xp 00000000 08:06 25440514                           /usr/lib/jvm/java-8-openjdk-amd64/jre/bin/java
00600000-00601000 r--p 00000000 08:06 25440514                           /usr/lib/jvm/java-8-openjdk-amd64/jre/bin/java
00601000-00602000 rw-p 00001000 08:06 25440514                           /usr/lib/jvm/java-8-openjdk-amd64/jre/bin/java
00977000-00998000 rw-p 00000000 00:00 0                                  [heap]
5cae00000-5dfd00000 rw-p 00000000 00:00 0 
5dfd00000-718f80000 ---p 00000000 00:00 0 
718f80000-723680000 rw-p 00000000 00:00 0 
723680000-7c0000000 ---p 00000000 00:00 0 
7c0000000-7c0140000 rw-p 00000000 00:00 0 
7c0140000-800000000 ---p 00000000 00:00 0 
7f6010000000-7f6010021000 rw-p 00000000 00:00 0 
7f6010021000-7f6014000000 ---p 00000000 00:00 0 
7f6018000000-7f6018241000 rw-p 00000000 00:00 0 
7f6018241000-7f601c000000 ---p 00000000 00:00 0 
7f601c000000-7f601c021000 rw-p 00000000 00:00 0 
7f601c021000-7f6020000000 ---p 00000000 00:00 0 
7f6020000000-7f6020178000 rw-p 00000000 00:00 0 
7f6020178000-7f6024000000 ---p 00000000 00:00 0 
7f6024000000-7f6024227000 rw-p 00000000 00:00 0 
7f6024227000-7f6028000000 ---p 00000000 00:00 0 
7f6028000000-7f6028021000 rw-p 00000000 00:00 0 
7f6028021000-7f602c000000 ---p 00000000 00:00 0 
7f602c000000-7f602c021000 rw-p 00000000 00:00 0 
7f602c021000-7f6030000000 ---p 00000000 00:00 0 
7f6030000000-7f6030021000 rw-p 00000000 00:00 0 
7f6030021000-7f6034000000 ---p 00000000 00:00 0 
7f6034570000-7f6044000000 rw-p 00000000 00:00 0 
7f6044000000-7f6044021000 rw-p 00000000 00:00 0 
7f6044021000-7f6048000000 ---p 00000000 00:00 0 
7f6048000000-7f6048021000 rw-p 00000000 00:00 0 
7f6048021000-7f604c000000 ---p 00000000 00:00 0 
7f604c000000-7f604c021000 rw-p 00000000 00:00 0 
7f604c021000-7f6050000000 ---p 00000000 00:00 0 
7f6052f34000-7f6052f36000 r--s 00007000 08:06 4469554                    /home/mithuntantri/.gradle/wrapper/dists/gradle-3.3-all/55gk2rcmfc6p2dg9u9ohc3hw9/gradle-3.3/lib/plugins/gradle-tooling-api-builders-3.3.jar
7f6052f36000-7f6052f39000 r--s 00009000 08:06 4469547                    /home/mithuntantri/.gradle/wrapper/dists/gradle-3.3-all/55gk2rcmfc6p2dg9u9ohc3hw9/gradle-3.3/lib/plugins/gradle-testing-native-3.3.jar
7f6052f39000-7f6052f3f000 r--s 00033000 08:06 4469622                    /home/mithuntantri/.gradle/wrapper/dists/gradle-3.3-all/55gk2rcmfc6p2dg9u9ohc3hw9/gradle-3.3/lib/plugins/snakeyaml-1.6.jar
7f6052f3f000-7f6052f41000 r--s 00006000 08:06 4469621                    /home/mithuntantri/.gradle/wrapper/dists/gradle-3.3-all/55gk2rcmfc6p2dg9u9ohc3hw9/gradle-3.3/lib/plugins/jcommander-1.12.jar
7f6052f41000-7f6052f46000 r--s 00040000 08:06 4469620                    /home/mithuntantri/.gradle/wrapper/dists/gradle-3.3-all/55gk2rcmfc6p2dg9u9ohc3hw9/gradle-3.3/lib/plugins/bsh-2.0b4.jar
7f6052f46000-7f6052f48000 r--s 00009000 08:06 4469628                    /home/mithuntantri/.gradle/wrapper/dists/gradle-3.3-all/55gk2rcmfc6p2dg9u9ohc3hw9/gradle-3.3/lib/plugins/hamcrest-core-1.3.jar
7f6052f48000-7f6052f51000 r--s 00089000 08:06 4469579                    /home/mithuntantri/.gradle/wrapper/dists/gradle-3.3-all/55gk2rcmfc6p2dg9u9ohc3hw9/gradle-3.3/lib/plugins/testng-6.3.1.jar
7f6052f51000-7f6052f59000 r--s 00045000 08:06 4469578                    /home/mithuntantri/.gradle/wrapper/dists/gradle-3.3-all/55gk2rcmfc6p2dg9u9ohc3hw9/gradle-3.3/lib/plugins/junit-4.12.jar
7f6052f59000-7f6052f5f000 r--s 0002e000 08:06 4469548                    /home/mithuntantri/.gradle/wrapper/dists/gradle-3.3-all/55gk2rcmfc6p2dg9u9ohc3hw9/gradle-3.3/lib/plugins/gradle-testing-jvm-3.3.jar
7f6052f5f000-7f6052f63000 r--s 00016000 08:06 4469546                    /home/mithuntantri/.gradle/wrapper/dists/gradle-3.3-all/55gk2rcmfc6p2dg9u9ohc3hw9/gradle-3.3/lib/plugins/gradle-testing-base-3.3.jar
7f6052f63000-7f6052f6a000 r--s 00038000 08:06 4469573                    /home/mithuntantri/.gradle/wrapper/dists/gradle-3.3-all/55gk2rcmfc6p2dg9u9ohc3hw9/gradle-3.3/lib/plugins/bcpg-jdk15on-1.51.jar
7f6052f6a000-7f6052f6c000 r--s 0000c000 08:06 4469525                    /home/mithuntantri/.gradle/wrapper/dists/gradle-3.3-all/55gk2rcmfc6p2dg9u9ohc3hw9/gradle-3.3/lib/plugins/gradle-signing-3.3.jar
7f6052f6c000-7f6052f6e000 r--s 00007000 08:06 4469524                    /home/mithuntantri/.gradle/wrapper/dists/gradle-3.3-all/55gk2rcmfc6p2dg9u9ohc3hw9/gradle-3.3/lib/plugins/gradle-scala-3.3.jar
7f6052f6e000-7f6052f6f000 r--s 00004000 08:06 4469552                    /home/mithuntantri/.gradle/wrapper/dists/gradle-3.3-all/55gk2rcmfc6p2dg9u9ohc3hw9/gradle-3.3/lib/plugins/gradle-resources-sftp-3.3.jar
7f6052f6f000-7f6052f7f000 r--s 00088000 08:06 4469589                    /home/mithuntantri/.gradle/wrapper/dists/gradle-3.3-all/55gk2rcmfc6p2dg9u9ohc3hw9/gradle-3.3/lib/plugins/joda-time-2.8.2.jar
7f6052f7f000-7f6052f90000 r--s 0010d000 08:06 4469588                    /home/mithuntantri/.gradle/wrapper/dists/gradle-3.3-all/55gk2rcmfc6p2dg9u9ohc3hw9/gradle-3.3/lib/plugins/jackson-databind-2.6.6.jar
7f6052f90000-7f6052f93000 r--s 00009000 08:06 4469587                    /home/mithuntantri/.gradle/wrapper/dists/gradle-3.3-all/55gk2rcmfc6p2dg9u9ohc3hw9/gradle-3.3/lib/plugins/jackson-annotations-2.6.6.jar
7f6052f93000-7f6052f97000 r--s 0003c000 08:06 4469586                    /home/mithuntantri/.gradle/wrapper/dists/gradle-3.3-all/55gk2rcmfc6p2dg9u9ohc3hw9/gradle-3.3/lib/plugins/jackson-core-2.6.6.jar
7f6052f97000-7f6052fa5000 r--s 00087000 08:06 4469585                    /home/mithuntantri/.gradle/wrapper/dists/gradle-3.3-all/55gk2rcmfc6p2dg9u9ohc3hw9/gradle-3.3/lib/plugins/aws-java-sdk-core-1.11.6.jar
7f6052fa5000-7f6052fac000 r--s 00057000 08:06 4469584                    /home/mithuntantri/.gradle/wrapper/dists/gradle-3.3-all/55gk2rcmfc6p2dg9u9ohc3hw9/gradle-3.3/lib/plugins/aws-java-sdk-kms-1.11.6.jar
7f6052fac000-7f6052fb9000 r--s 0008e000 08:06 4469583                    /home/mithuntantri/.gradle/wrapper/dists/gradle-3.3-all/55gk2rcmfc6p2dg9u9ohc3hw9/gradle-3.3/lib/plugins/aws-java-sdk-s3-1.11.6.jar
7f6052fb9000-7f6052fbb000 r--s 00004000 08:06 4469553                    /home/mithuntantri/.gradle/wrapper/dists/gradle-3.3-all/55gk2rcmfc6p2dg9u9ohc3hw9/gradle-3.3/lib/plugins/gradle-resources-s3-3.3.jar
7f6052fbb000-7f6052fbd000 r--s 00005000 08:06 4469577                    /home/mithuntantri/.gradle/wrapper/dists/gradle-3.3-all/55gk2rcmfc6p2dg9u9ohc3hw9/gradle-3.3/lib/plugins/jatl-0.2.2.jar
7f6052fbd000-7f6052fbf000 r--s 0000f000 08:06 4469530                    /home/mithuntantri/.gradle/wrapper/dists/gradle-3.3-all/55gk2rcmfc6p2dg9u9ohc3hw9/gradle-3.3/lib/plugins/gradle-reporting-3.3.jar
7f6052fbf000-7f6052fc1000 r--s 00002000 08:06 4469531                    /home/mithuntantri/.gradle/wrapper/dists/gradle-3.3-all/55gk2rcmfc6p2dg9u9ohc3hw9/gradle-3.3/lib/plugins/gradle-publish-3.3.jar
7f6052fc1000-7f6052fc3000 r--s 00009000 08:06 4469560                    /home/mithuntantri/.gradle/wrapper/dists/gradle-3.3-all/55gk2rcmfc6p2dg9u9ohc3hw9/gradle-3.3/lib/plugins/commons-cli-1.2.jar
7f6052fc3000-7f6052fc9000 r--s 00031000 08:06 4469516                    /home/mithuntantri/.gradle/wrapper/dists/gradle-3.3-all/55gk2rcmfc6p2dg9u9ohc3hw9/gradle-3.3/lib/plugins/gradle-plugins-3.3.jar
7f6052fc9000-7f6052fcb000 r--s 00009000 08:06 4469549                    /home/mithuntantri/.gradle/wrapper/dists/gradle-3.3-all/55gk2rcmfc6p2dg9u9ohc3hw9/gradle-3.3/lib/plugins/gradle-plugin-development-3.3.jar
7f6052fcb000-7f6052fd1000 r--s 0002b000 08:06 4469542                    /home/mithuntantri/.gradle/wrapper/dists/gradle-3.3-all/55gk2rcmfc6p2dg9u9ohc3hw9/gradle-3.3/lib/plugins/gradle-platform-play-3.3.jar
7f6052fd1000-7f6052fdf000 r--s 00055000 08:06 4469541                    /home/mithuntantri/.gradle/wrapper/dists/gradle-3.3-all/55gk2rcmfc6p2dg9u9ohc3hw9/gradle-3.3/lib/plugins/gradle-platform-native-3.3.jar
7f6052fdf000-7f6052fe4000 r--s 0001f000 08:06 4469536                    /home/mithuntantri/.gradle/wrapper/dists/gradle-3.3-all/55gk2rcmfc6p2dg9u9ohc3hw9/gradle-3.3/lib/plugins/gradle-platform-jvm-3.3.jar
7f6052fe4000-7f6052fec000 r--s 00027000 08:06 4469535                    /home/mithuntantri/.gradle/wrapper/dists/gradle-3.3-all/55gk2rcmfc6p2dg9u9ohc3hw9/gradle-3.3/lib/plugins/gradle-platform-base-3.3.jar
7f6052fec000-7f6053014000 r--s 0021c000 08:06 4469568                    /home/mithuntantri/.gradle/wrapper/dists/gradle-3.3-all/55gk2rcmfc6p2dg9u9ohc3hw9/gradle-3.3/lib/plugins/biz.aQute.bndlib-3.2.0.jar
7f6053014000-7f6053016000 r--s 00003000 08:06 4469520                    /home/mithuntantri/.gradle/wrapper/dists/gradle-3.3-all/55gk2rcmfc6p2dg9u9ohc3hw9/gradle-3.3/lib/plugins/gradle-osgi-3.3.jar
7f6053016000-7f6053019000 r--s 0000c000 08:06 4469571                    /home/mithuntantri/.gradle/wrapper/dists/gradle-3.3-all/55gk2rcmfc6p2dg9u9ohc3hw9/gradle-3.3/lib/plugins/pmaven-groovy-0.8-20100325.jar
7f6053019000-7f605301a000 r--s 00004000 08:06 4469570                    /home/mithuntantri/.gradle/wrapper/dists/gradle-3.3-all/55gk2rcmfc6p2dg9u9ohc3hw9/gradle-3.3/lib/plugins/pmaven-common-0.8-20100325.jar
7f605301a000-7f6053020000 r--s 00023000 08:06 4469521                    /home/mithuntantri/.gradle/wrapper/dists/gradle-3.3-all/55gk2rcmfc6p2dg9u9ohc3hw9/gradle-3.3/lib/plugins/gradle-maven-3.3.jar
7f6053020000-7f6053023000 r--s 0000b000 08:06 4469540                    /home/mithuntantri/.gradle/wrapper/dists/gradle-3.3-all/55gk2rcmfc6p2dg9u9ohc3hw9/gradle-3.3/lib/plugins/gradle-language-scala-3.3.jar
7f6053023000-7f6053029000 r--s 0001a000 08:06 4469544                    /home/mithuntantri/.gradle/wrapper/dists/gradle-3.3-all/55gk2rcmfc6p2dg9u9ohc3hw9/gradle-3.3/lib/plugins/gradle-language-native-3.3.jar
7f6053029000-7f605302c000 r--s 00005000 08:06 4469537                    /home/mithuntantri/.gradle/wrapper/dists/gradle-3.3-all/55gk2rcmfc6p2dg9u9ohc3hw9/gradle-3.3/lib/plugins/gradle-language-jvm-3.3.jar
7f605302c000-7f6053032000 r--s 00027000 08:06 4469538                    /home/mithuntantri/.gradle/wrapper/dists/gradle-3.3-all/55gk2rcmfc6p2dg9u9ohc3hw9/gradle-3.3/lib/plugins/gradle-language-java-3.3.jar
7f6053032000-7f6053034000 r--s 0000a000 08:06 4469539                    /home/mithuntantri/.gradle/wrapper/dists/gradle-3.3-all/55gk2rcmfc6p2dg9u9ohc3hw9/gradle-3.3/lib/plugins/gradle-language-groovy-3.3.jar
7f6053034000-7f6053037000 r--s 0001e000 08:06 4469595                    /home/mithuntantri/.gradle/wrapper/dists/gradle-3.3-all/55gk2rcmfc6p2dg9u9ohc3hw9/gradle-3.3/lib/plugins/jsp-api-2.1-6.1.14.jar
7f6053037000-7f605305a000 r--s 00344000 08:06 4469594                    /home/mithuntantri/.gradle/wrapper/dists/gradle-3.3-all/55gk2rcmfc6p2dg9u9ohc3hw9/gradle-3.3/lib/plugins/core-3.1.1.jar
7f605305a000-7f605305b000 r--s 00006000 08:06 4469593                    /home/mithuntantri/.gradle/wrapper/dists/gradle-3.3-all/55gk2rcmfc6p2dg9u9ohc3hw9/gradle-3.3/lib/plugins/jetty-naming-6.1.26.jar
7f605305b000-7f605305c000 r--s 00002000 08:06 4469567                    /home/mithuntantri/.gradle/wrapper/dists/gradle-3.3-all/55gk2rcmfc6p2dg9u9ohc3hw9/gradle-3.3/lib/plugins/geronimo-annotation_1.0_spec-1.0.jar
7f605305c000-7f605305e000 r--s 00002000 08:06 4469566                    /home/mithuntantri/.gradle/wrapper/dists/gradle-3.3-all/55gk2rcmfc6p2dg9u9ohc3hw9/gradle-3.3/lib/plugins/jetty-annotations-6.1.26.jar
7f605305e000-7f605306f000 r--s 000ea000 08:06 4469565                    /home/mithuntantri/.gradle/wrapper/dists/gradle-3.3-all/55gk2rcmfc6p2dg9u9ohc3hw9/gradle-3.3/lib/plugins/jsp-2.1-6.1.14.jar
7f605306f000-7f6053071000 r--s 0000d000 08:06 4469564                    /home/mithuntantri/.gradle/wrapper/dists/gradle-3.3-all/55gk2rcmfc6p2dg9u9ohc3hw9/gradle-3.3/lib/plugins/jetty-plus-6.1.26.jar
7f6053071000-7f6053073000 r--s 0001f000 08:06 4469563                    /home/mithuntantri/.gradle/wrapper/dists/gradle-3.3-all/55gk2rcmfc6p2dg9u9ohc3hw9/gradle-3.3/lib/plugins/servlet-api-2.5-20081211.jar
7f6053073000-7f6053077000 r--s 00028000 08:06 4469562                    /home/mithuntantri/.gradle/wrapper/dists/gradle-3.3-all/55gk2rcmfc6p2dg9u9ohc3hw9/gradle-3.3/lib/plugins/jetty-util-6.1.26.jar
7f6053077000-7f605307e000 r--s 0007d000 08:06 4469561                    /home/mithuntantri/.gradle/wrapper/dists/gradle-3.3-all/55gk2rcmfc6p2dg9u9ohc3hw9/gradle-3.3/lib/plugins/jetty-6.1.26.jar
7f605307e000-7f6053080000 r--s 0000a000 08:06 4469518                    /home/mithuntantri/.gradle/wrapper/dists/gradle-3.3-all/55gk2rcmfc6p2dg9u9ohc3hw9/gradle-3.3/lib/plugins/gradle-jetty-3.3.jar
7f6053080000-7f6053087000 r--s 00035000 08:06 4469576                    /home/mithuntantri/.gradle/wrapper/dists/gradle-3.3-all/55gk2rcmfc6p2dg9u9ohc3hw9/gradle-3.3/lib/plugins/simple-4.1.21.jar
7f6053087000-7f6053093000 r--s 00100000 08:06 4469574                    /home/mithuntantri/.gradle/wrapper/dists/gradle-3.3-all/55gk2rcmfc6p2dg9u9ohc3hw9/gradle-3.3/lib/plugins/rhino-1.7R3.jar
7f6053093000-7f6053097000 r--s 00012000 08:06 4469527                    /home/mithuntantri/.gradle/wrapper/dists/gradle-3.3-all/55gk2rcmfc6p2dg9u9ohc3hw9/gradle-3.3/lib/plugins/gradle-javascript-3.3.jar
7f6053097000-7f6053099000 r--s 0000d000 08:06 4469533                    /home/mithuntantri/.gradle/wrapper/dists/gradle-3.3-all/55gk2rcmfc6p2dg9u9ohc3hw9/gradle-3.3/lib/plugins/gradle-jacoco-3.3.jar
7f6053099000-7f605309c000 r--s 0000e000 08:06 4469532                    /home/mithuntantri/.gradle/wrapper/dists/gradle-3.3-all/55gk2rcmfc6p2dg9u9ohc3hw9/gradle-3.3/lib/plugins/gradle-ivy-3.3.jar
7f605309c000-7f605309d000 r--s 00002000 08:06 4469543                    /home/mithuntantri/.gradle/wrapper/dists/gradle-3.3-all/55gk2rcmfc6p2dg9u9ohc3hw9/gradle-3.3/lib/plugins/gradle-ide-play-3.3.jar
7f605309d000-7f60530a0000 r--s 00013000 08:06 4469545                    /home/mithuntantri/.gradle/wrapper/dists/gradle-3.3-all/55gk2rcmfc6p2dg9u9ohc3hw9/gradle-3.3/lib/plugins/gradle-ide-native-3.3.jar
7f60530a0000-7f60530a9000 r--s 00055000 08:06 4469522                    /home/mithuntantri/.gradle/wrapper/dists/gradle-3.3-all/55gk2rcmfc6p2dg9u9ohc3hw9/gradle-3.3/lib/plugins/gradle-ide-3.3.jar
7f60530a9000-7f60530ab000 r--s 00007000 08:06 4469526                    /home/mithuntantri/.gradle/wrapper/dists/gradle-3.3-all/55gk2rcmfc6p2dg9u9ohc3hw9/gradle-3.3/lib/plugins/gradle-ear-3.3.jar
7f60530ab000-7f60530b1000 r--s 00039000 08:06 4469529                    /home/mithuntantri/.gradle/wrapper/dists/gradle-3.3-all/55gk2rcmfc6p2dg9u9ohc3hw9/gradle-3.3/lib/plugins/gradle-diagnostics-3.3.jar
7f60530b1000-7f60530b2000 r--s 00009000 08:06 4469555                    /home/mithuntantri/.gradle/wrapper/dists/gradle-3.3-all/55gk2rcmfc6p2dg9u9ohc3hw9/gradle-3.3/lib/plugins/gradle-composite-builds-3.3.jar
7f60530b2000-7f60530b6000 r--s 00023000 08:06 4469517                    /home/mithuntantri/.gradle/wrapper/dists/gradle-3.3-all/55gk2rcmfc6p2dg9u9ohc3hw9/gradle-3.3/lib/plugins/gradle-code-quality-3.3.jar
7f60530b6000-7f60530ba000 r--s 00022000 08:06 4469534                    /home/mithuntantri/.gradle/wrapper/dists/gradle-3.3-all/55gk2rcmfc6p2dg9u9ohc3hw9/gradle-3.3/lib/plugins/gradle-build-init-3.3.jar
7f60530ba000-7f60530c0000 r--s 0008e000 08:06 4469528                    /home/mithuntantri/.gradle/wrapper/dists/gradle-3.3-all/55gk2rcmfc6p2dg9u9ohc3hw9/gradle-3.3/lib/plugins/gradle-build-comparison-3.3.jar
7f60530c0000-7f60530c1000 r--s 00001000 08:06 4469556                    /home/mithuntantri/.gradle/wrapper/dists/gradle-3.3-all/55gk2rcmfc6p2dg9u9ohc3hw9/gradle-3.3/lib/plugins/gradle-build-cache-http-3.3.jar
7f60530c1000-7f60530c3000 r--s 00008000 08:06 4469519                    /home/mithuntantri/.gradle/wrapper/dists/gradle-3.3-all/55gk2rcmfc6p2dg9u9ohc3hw9/gradle-3.3/lib/plugins/gradle-antlr-3.3.jar
7f60530c3000-7f60530c5000 r--s 00004000 08:06 4469523                    /home/mithuntantri/.gradle/wrapper/dists/gradle-3.3-all/55gk2rcmfc6p2dg9u9ohc3hw9/gradle-3.3/lib/plugins/gradle-announce-3.3.jar
7f60530c5000-7f60530dd000 r--s 00115000 08:06 4469625                    /home/mithuntantri/.gradle/wrapper/dists/gradle-3.3-all/55gk2rcmfc6p2dg9u9ohc3hw9/gradle-3.3/lib/plugins/xercesImpl-2.9.1.jar
7f60530dd000-7f60530e5000 r--s 00028000 08:06 4469626                    /home/mithuntantri/.gradle/wrapper/dists/gradle-3.3-all/55gk2rcmfc6p2dg9u9ohc3hw9/gradle-3.3/lib/plugins/xml-apis-1.3.04.jar
7f60530e5000-7f60530eb000 r--s 0005b000 08:06 4469624                    /home/mithuntantri/.gradle/wrapper/dists/gradle-3.3-all/55gk2rcmfc6p2dg9u9ohc3hw9/gradle-3.3/lib/plugins/jcifs-1.3.17.jar
7f60530eb000-7f60530f1000 r--s 00033000 08:06 4469572                    /home/mithuntantri/.gradle/wrapper/dists/gradle-3.3-all/55gk2rcmfc6p2dg9u9ohc3hw9/gradle-3.3/lib/plugins/commons-codec-1.6.jar
7f60530f1000-7f60530f8000 r--s 00049000 08:06 4469623                    /home/mithuntantri/.gradle/wrapper/dists/gradle-3.3-all/55gk2rcmfc6p2dg9u9ohc3hw9/gradle-3.3/lib/plugins/httpcore-4.4.4.jar
7f60530f8000-7f60530fb000 r--s 0001c000 08:06 4469581                    /home/mithuntantri/.gradle/wrapper/dists/gradle-3.3-all/55gk2rcmfc6p2dg9u9ohc3hw9/gradle-3.3/lib/plugins/nekohtml-1.9.14.jar
7f60530fb000-7f6053108000 r--s 000a4000 08:06 4469580                    /home/mithuntantri/.gradle/wrapper/dists/gradle-3.3-all/55gk2rcmfc6p2dg9u9ohc3hw9/gradle-3.3/lib/plugins/httpclient-4.4.1.jar
7f6053108000-7f605310b000 r--s 0000a000 08:06 4469551                    /home/mithuntantri/.gradle/wrapper/dists/gradle-3.3-all/55gk2rcmfc6p2dg9u9ohc3hw9/gradle-3.3/lib/plugins/gradle-resources-http-3.3.jar
7f605310b000-7f605310f000 r--s 00015000 08:06 4469550                    /home/mithuntantri/.gradle/wrapper/dists/gradle-3.3-all/55gk2rcmfc6p2dg9u9ohc3hw9/gradle-3.3/lib/plugins/gradle-plugin-use-3.3.jar
7f605310f000-7f6053110000 r--s 00000000 08:06 4469462                    /home/mithuntantri/.gradle/wrapper/dists/gradle-3.3-all/55gk2rcmfc6p2dg9u9ohc3hw9/gradle-3.3/lib/gradle-installation-beacon-3.3.jar
7f6053110000-7f6053112000 r--s 00006000 08:06 4469619                    /home/mithuntantri/.gradle/wrapper/dists/gradle-3.3-all/55gk2rcmfc6p2dg9u9ohc3hw9/gradle-3.3/lib/plugins/aether-connector-wagon-1.13.1.jar
7f6053112000-7f6053116000 r--s 0001c000 08:06 4469618                    /home/mithuntantri/.gradle/wrapper/dists/gradle-3.3-all/55gk2rcmfc6p2dg9u9ohc3hw9/gradle-3.3/lib/plugins/aether-util-1.13.1.jar
7f6053116000-7f6053117000 r--s 00003000 08:06 4469617                    /home/mithuntantri/.gradle/wrapper/dists/gradle-3.3-all/55gk2rcmfc6p2dg9u9ohc3hw9/gradle-3.3/lib/plugins/aether-spi-1.13.1.jar
7f6053117000-7f605311a000 r--s 0001d000 08:06 4469616                    /home/mithuntantri/.gradle/wrapper/dists/gradle-3.3-all/55gk2rcmfc6p2dg9u9ohc3hw9/gradle-3.3/lib/plugins/aether-impl-1.13.1.jar
7f605311a000-7f605311d000 r--s 00013000 08:06 4469615                    /home/mithuntantri/.gradle/wrapper/dists/gradle-3.3-all/55gk2rcmfc6p2dg9u9ohc3hw9/gradle-3.3/lib/plugins/aether-api-1.13.1.jar
7f605311d000-7f605311e000 r--s 00007000 08:06 4469614                    /home/mithuntantri/.gradle/wrapper/dists/gradle-3.3-all/55gk2rcmfc6p2dg9u9ohc3hw9/gradle-3.3/lib/plugins/wagon-http-shared4-2.4.jar
7f605311e000-7f6053120000 r--s 0000b000 08:06 4469613                    /home/mithuntantri/.gradle/wrapper/dists/gradle-3.3-all/55gk2rcmfc6p2dg9u9ohc3hw9/gradle-3.3/lib/plugins/wagon-provider-api-2.4.jar
7f6053120000-7f6053121000 r--s 00002000 08:06 4469612                    /home/mithuntantri/.gradle/wrapper/dists/gradle-3.3-all/55gk2rcmfc6p2dg9u9ohc3hw9/gradle-3.3/lib/plugins/wagon-http-2.4.jar
7f6053121000-7f6053122000 r--s 00002000 08:06 4469611                    /home/mithuntantri/.gradle/wrapper/dists/gradle-3.3-all/55gk2rcmfc6p2dg9u9ohc3hw9/gradle-3.3/lib/plugins/wagon-file-2.4.jar
7f6053122000-7f6053124000 r--s 0000c000 08:06 4469610                    /home/mithuntantri/.gradle/wrapper/dists/gradle-3.3-all/55gk2rcmfc6p2dg9u9ohc3hw9/gradle-3.3/lib/plugins/maven-aether-provider-3.0.4.jar
7f6053124000-7f6053126000 r--s 0000b000 08:06 4469609                    /home/mithuntantri/.gradle/wrapper/dists/gradle-3.3-all/55gk2rcmfc6p2dg9u9ohc3hw9/gradle-3.3/lib/plugins/maven-plugin-api-3.0.4.jar
7f6053126000-7f6053128000 r--s 00006000 08:06 4469608                    /home/mithuntantri/.gradle/wrapper/dists/gradle-3.3-all/55gk2rcmfc6p2dg9u9ohc3hw9/gradle-3.3/lib/plugins/maven-repository-metadata-3.0.4.jar
7f6053128000-7f605312a000 r--s 0000b000 08:06 4469607                    /home/mithuntantri/.gradle/wrapper/dists/gradle-3.3-all/55gk2rcmfc6p2dg9u9ohc3hw9/gradle-3.3/lib/plugins/maven-artifact-3.0.4.jar
7f605312a000-7f605312c000 r--s 00026000 08:06 4469606                    /home/mithuntantri/.gradle/wrapper/dists/gradle-3.3-all/55gk2rcmfc6p2dg9u9ohc3hw9/gradle-3.3/lib/plugins/maven-model-3.0.4.jar
7f605312c000-7f6053130000 r--s 00021000 08:06 4469605                    /home/mithuntantri/.gradle/wrapper/dists/gradle-3.3-all/55gk2rcmfc6p2dg9u9ohc3hw9/gradle-3.3/lib/plugins/maven-model-builder-3.0.4.jar
7f6053130000-7f6053136000 r--s 0003f000 08:06 4469604                    /home/mithuntantri/.gradle/wrapper/dists/gradle-3.3-all/55gk2rcmfc6p2dg9u9ohc3hw9/gradle-3.3/lib/plugins/maven-compat-3.0.4.jar
7f6053136000-7f6053137000 r--s 00006000 08:06 4469603                    /home/mithuntantri/.gradle/wrapper/dists/gradle-3.3-all/55gk2rcmfc6p2dg9u9ohc3hw9/gradle-3.3/lib/plugins/plexus-sec-dispatcher-1.3.jar
7f6053137000-7f6053139000 r--s 00002000 08:06 4469602                    /home/mithuntantri/.gradle/wrapper/dists/gradle-3.3-all/55gk2rcmfc6p2dg9u9ohc3hw9/gradle-3.3/lib/plugins/plexus-cipher-1.7.jar
7f6053139000-7f605313b000 r--s 0000a000 08:06 4469601                    /home/mithuntantri/.gradle/wrapper/dists/gradle-3.3-all/55gk2rcmfc6p2dg9u9ohc3hw9/gradle-3.3/lib/plugins/plexus-classworlds-2.4.jar
7f605313b000-7f6053142000 r--s 0002e000 08:06 4469600                    /home/mithuntantri/.gradle/wrapper/dists/gradle-3.3-all/55gk2rcmfc6p2dg9u9ohc3hw9/gradle-3.3/lib/plugins/plexus-container-default-1.5.5.jar
7f6053142000-7f6053144000 r--s 00000000 08:06 4469627                    /home/mithuntantri/.gradle/wrapper/dists/gradle-3.3-all/55gk2rcmfc6p2dg9u9ohc3hw9/gradle-3.3/lib/plugins/plexus-component-annotations-1.5.5.jar
7f6053144000-7f6053146000 r--s 0000d000 08:06 4469599                    /home/mithuntantri/.gradle/wrapper/dists/gradle-3.3-all/55gk2rcmfc6p2dg9u9ohc3hw9/gradle-3.3/lib/plugins/plexus-interpolation-1.14.jar
7f6053146000-7f605314a000 r--s 00033000 08:06 4469598                    /home/mithuntantri/.gradle/wrapper/dists/gradle-3.3-all/55gk2rcmfc6p2dg9u9ohc3hw9/gradle-3.3/lib/plugins/plexus-utils-2.0.6.jar
7f605314a000-7f605314d000 r--s 00008000 08:06 4469597                    /home/mithuntantri/.gradle/wrapper/dists/gradle-3.3-all/55gk2rcmfc6p2dg9u9ohc3hw9/gradle-3.3/lib/plugins/maven-settings-builder-3.0.4.jar
7f605314d000-7f6053152000 r--s 00040000 08:06 4469582                    /home/mithuntantri/.gradle/wrapper/dists/gradle-3.3-all/55gk2rcmfc6p2dg9u9ohc3hw9/gradle-3.3/lib/plugins/jsch-0.1.53.jar
7f6053152000-7f6053192000 r--s 00277000 08:06 4469592                    /home/mithuntantri/.gradle/wrapper/dists/gradle-3.3-all/55gk2rcmfc6p2dg9u9ohc3hw9/gradle-3.3/lib/plugins/bcprov-jdk15on-1.51.jar
7f6053192000-7f605319e000 r--s 0007d000 08:06 4469569                    /home/mithuntantri/.gradle/wrapper/dists/gradle-3.3-all/55gk2rcmfc6p2dg9u9ohc3hw9/gradle-3.3/lib/plugins/maven-core-3.0.4.jar
7f605319e000-7f60531bd000 r--s 000f6000 08:06 4469558                    /home/mithuntantri/.gradle/wrapper/dists/gradle-3.3-all/55gk2rcmfc6p2dg9u9ohc3hw9/gradle-3.3/lib/plugins/gradle-dependency-management-3.3.jar
7f60531bd000-7f60531c6000 r-xp 00000000 08:06 25440466                   /usr/lib/jvm/java-8-openjdk-amd64/jre/lib/amd64/libmanagement.so
7f60531c6000-7f60533c5000 ---p 00009000 08:06 25440466                   /usr/lib/jvm/java-8-openjdk-amd64/jre/lib/amd64/libmanagement.so
7f60533c5000-7f60533c6000 r--p 00008000 08:06 25440466                   /usr/lib/jvm/java-8-openjdk-amd64/jre/lib/amd64/libmanagement.so
7f60533c6000-7f60533c7000 rw-p 00009000 08:06 25440466                   /usr/lib/jvm/java-8-openjdk-amd64/jre/lib/amd64/libmanagement.so
7f60533c7000-7f60533ec000 r-xp 00000000 08:06 29499508                   /lib/x86_64-linux-gnu/libtinfo.so.5.9
7f60533ec000-7f60535eb000 ---p 00025000 08:06 29499508                   /lib/x86_64-linux-gnu/libtinfo.so.5.9
7f60535eb000-7f60535ef000 r--p 00024000 08:06 29499508                   /lib/x86_64-linux-gnu/libtinfo.so.5.9
7f60535ef000-7f60535f0000 rw-p 00028000 08:06 29499508                   /lib/x86_64-linux-gnu/libtinfo.so.5.9
7f60535f0000-7f6053611000 r-xp 00000000 08:06 29499416                   /lib/x86_64-linux-gnu/libncurses.so.5.9
7f6053611000-7f6053810000 ---p 00021000 08:06 29499416                   /lib/x86_64-linux-gnu/libncurses.so.5.9
7f6053810000-7f6053811000 r--p 00020000 08:06 29499416                   /lib/x86_64-linux-gnu/libncurses.so.5.9
7f6053811000-7f6053812000 rw-p 00021000 08:06 29499416                   /lib/x86_64-linux-gnu/libncurses.so.5.9
7f6053812000-7f6053814000 r--s 0000a000 08:06 4469596                    /home/mithuntantri/.gradle/wrapper/dists/gradle-3.3-all/55gk2rcmfc6p2dg9u9ohc3hw9/gradle-3.3/lib/plugins/maven-settings-3.0.4.jar
7f6053814000-7f6053818000 r--s 0001d000 08:06 4469591                    /home/mithuntantri/.gradle/wrapper/dists/gradle-3.3-all/55gk2rcmfc6p2dg9u9ohc3hw9/gradle-3.3/lib/plugins/xbean-reflect-3.4.jar
7f6053818000-7f605381d000 r--s 00034000 08:06 4469575                    /home/mithuntantri/.gradle/wrapper/dists/gradle-3.3-all/55gk2rcmfc6p2dg9u9ohc3hw9/gradle-3.3/lib/plugins/gson-2.7.jar
7f605381d000-7f605382c000 r--s 000d9000 08:06 4469590                    /home/mithuntantri/.gradle/wrapper/dists/gradle-3.3-all/55gk2rcmfc6p2dg9u9ohc3hw9/gradle-3.3/lib/plugins/ivy-2.2.0.jar
7f605382c000-7f605382e000 r--s 00005000 08:06 4469557                    /home/mithuntantri/.gradle/wrapper/dists/gradle-3.3-all/55gk2rcmfc6p2dg9u9ohc3hw9/gradle-3.3/lib/plugins/gradle-workers-3.3.jar
7f605382e000-7f6053831000 r-xp 00000000 08:06 5248792                    /home/mithuntantri/.gradle/native/23/linux-amd64-ncurses5/libnative-platform-curses.so
7f6053831000-7f6053a31000 ---p 00003000 08:06 5248792                    /home/mithuntantri/.gradle/native/23/linux-amd64-ncurses5/libnative-platform-curses.so
7f6053a31000-7f6053a32000 rw-p 00003000 08:06 5248792                    /home/mithuntantri/.gradle/native/23/linux-amd64-ncurses5/libnative-platform-curses.so
7f6053a32000-7f6053a37000 r-xp 00000000 08:06 4329793                    /home/mithuntantri/.gradle/native/23/linux-amd64/libnative-platform.so
7f6053a37000-7f6053c36000 ---p 00005000 08:06 4329793                    /home/mithuntantri/.gradle/native/23/linux-amd64/libnative-platform.so
7f6053c36000-7f6053c37000 rw-p 00004000 08:06 4329793                    /home/mithuntantri/.gradle/native/23/linux-amd64/libnative-platform.so
7f6053c37000-7f6053c44000 r--s 00041000 08:06 4469468                    /home/mithuntantri/.gradle/wrapper/dists/gradle-3.3-all/55gk2rcmfc6p2dg9u9ohc3hw9/gradle-3.3/lib/gradle-tooling-api-3.3.jar
7f6053c44000-7f6053c46000 r--s 00002000 08:06 4469488                    /home/mithuntantri/.gradle/wrapper/dists/gradle-3.3-all/55gk2rcmfc6p2dg9u9ohc3hw9/gradle-3.3/lib/gradle-open-api-3.3.jar
7f6053c46000-7f6053c4c000 r--s 00032000 08:06 4469490                    /home/mithuntantri/.gradle/wrapper/dists/gradle-3.3-all/55gk2rcmfc6p2dg9u9ohc3hw9/gradle-3.3/lib/jaxen-1.1.jar
7f6053c4c000-7f6053c57000 r--s 00059000 08:06 4469467                    /home/mithuntantri/.gradle/wrapper/dists/gradle-3.3-all/55gk2rcmfc6p2dg9u9ohc3hw9/gradle-3.3/lib/gradle-ui-3.3.jar
7f6053c57000-7f6053ded000 r--s 0157e000 08:06 4469456                    /home/mithuntantri/.gradle/wrapper/dists/gradle-3.3-all/55gk2rcmfc6p2dg9u9ohc3hw9/gradle-3.3/lib/kotlin-compiler-embeddable-1.1-M02.jar
7f6053ded000-7f6053dfe000 r-xp 00000000 08:06 25440496                   /usr/lib/jvm/java-8-openjdk-amd64/jre/lib/amd64/libnio.so
7f6053dfe000-7f6053ffe000 ---p 00011000 08:06 25440496                   /usr/lib/jvm/java-8-openjdk-amd64/jre/lib/amd64/libnio.so
7f6053ffe000-7f6053fff000 r--p 00011000 08:06 25440496                   /usr/lib/jvm/java-8-openjdk-amd64/jre/lib/amd64/libnio.so
7f6053fff000-7f6054000000 rw-p 00012000 08:06 25440496                   /usr/lib/jvm/java-8-openjdk-amd64/jre/lib/amd64/libnio.so
7f6054000000-7f6054021000 rw-p 00000000 00:00 0 
7f6054021000-7f6058000000 ---p 00000000 00:00 0 
7f6058000000-7f6058001000 r--s 00006000 08:06 4469461                    /home/mithuntantri/.gradle/wrapper/dists/gradle-3.3-all/55gk2rcmfc6p2dg9u9ohc3hw9/gradle-3.3/lib/gradle-wrapper-3.3.jar
7f6058001000-7f6058006000 r--s 00048000 08:06 4469489                    /home/mithuntantri/.gradle/wrapper/dists/gradle-3.3-all/55gk2rcmfc6p2dg9u9ohc3hw9/gradle-3.3/lib/dom4j-1.6.1.jar
7f6058006000-7f605800f000 r--s 0008c000 08:06 4469459                    /home/mithuntantri/.gradle/wrapper/dists/gradle-3.3-all/55gk2rcmfc6p2dg9u9ohc3hw9/gradle-3.3/lib/kotlin-stdlib-1.1-M02.jar
7f605800f000-7f6058015000 r--s 0002a000 08:06 4469458                    /home/mithuntantri/.gradle/wrapper/dists/gradle-3.3-all/55gk2rcmfc6p2dg9u9ohc3hw9/gradle-3.3/lib/kotlin-runtime-1.1-M02.jar
7f6058015000-7f6058049000 r--s 00256000 08:06 4469457                    /home/mithuntantri/.gradle/wrapper/dists/gradle-3.3-all/55gk2rcmfc6p2dg9u9ohc3hw9/gradle-3.3/lib/kotlin-reflect-1.1-M02.jar
7f6058049000-7f6058051000 r--s 0004e000 08:06 4469453                    /home/mithuntantri/.gradle/wrapper/dists/gradle-3.3-all/55gk2rcmfc6p2dg9u9ohc3hw9/gradle-3.3/lib/gradle-script-kotlin-0.5.1.jar
7f6058051000-7f6058054000 r--s 0000b000 08:06 4469486                    /home/mithuntantri/.gradle/wrapper/dists/gradle-3.3-all/55gk2rcmfc6p2dg9u9ohc3hw9/gradle-3.3/lib/gradle-resources-3.3.jar
7f6058054000-7f6058056000 r--s 00003000 08:06 4469495                    /home/mithuntantri/.gradle/wrapper/dists/gradle-3.3-all/55gk2rcmfc6p2dg9u9ohc3hw9/gradle-3.3/lib/jcl-over-slf4j-1.7.10.jar
7f6058056000-7f6058057000 r--s 00005000 08:06 4469494                    /home/mithuntantri/.gradle/wrapper/dists/gradle-3.3-all/55gk2rcmfc6p2dg9u9ohc3hw9/gradle-3.3/lib/log4j-over-slf4j-1.7.10.jar
7f6058057000-7f6058059000 r--s 00000000 08:06 4469493                    /home/mithuntantri/.gradle/wrapper/dists/gradle-3.3-all/55gk2rcmfc6p2dg9u9ohc3hw9/gradle-3.3/lib/jul-to-slf4j-1.7.10.jar
7f6058059000-7f605805e000 r--s 0001e000 08:06 4469470                    /home/mithuntantri/.gradle/wrapper/dists/gradle-3.3-all/55gk2rcmfc6p2dg9u9ohc3hw9/gradle-3.3/lib/gradle-logging-3.3.jar
7f605805e000-7f6058060000 r--s 00007000 08:06 4469514                    /home/mithuntantri/.gradle/wrapper/dists/gradle-3.3-all/55gk2rcmfc6p2dg9u9ohc3hw9/gradle-3.3/lib/objenesis-1.2.jar
7f6058060000-7f6058062000 r--s 00000000 08:06 4469513                    /home/mithuntantri/.gradle/wrapper/dists/gradle-3.3-all/55gk2rcmfc6p2dg9u9ohc3hw9/gradle-3.3/lib/minlog-1.2.jar
7f6058062000-7f6058064000 r--s 0000f000 08:06 4469512                    /home/mithuntantri/.gradle/wrapper/dists/gradle-3.3-all/55gk2rcmfc6p2dg9u9ohc3hw9/gradle-3.3/lib/reflectasm-1.07-shaded.jar
7f6058064000-7f6058068000 r--s 00026000 08:06 4469497                    /home/mithuntantri/.gradle/wrapper/dists/gradle-3.3-all/55gk2rcmfc6p2dg9u9ohc3hw9/gradle-3.3/lib/kryo-2.20.jar
7f6058068000-7f605806e000 r--s 00027000 08:06 4469485                    /home/mithuntantri/.gradle/wrapper/dists/gradle-3.3-all/55gk2rcmfc6p2dg9u9ohc3hw9/gradle-3.3/lib/gradle-messaging-3.3.jar
7f605806e000-7f605806f000 r--s 00001000 08:06 4469511                    /home/mithuntantri/.gradle/wrapper/dists/gradle-3.3-all/55gk2rcmfc6p2dg9u9ohc3hw9/gradle-3.3/lib/native-platform-linux-i386-ncurses6-0.12.jar
7f605806f000-7f6058070000 r--s 00001000 08:06 4469510                    /home/mithuntantri/.gradle/wrapper/dists/gradle-3.3-all/55gk2rcmfc6p2dg9u9ohc3hw9/gradle-3.3/lib/native-platform-linux-i386-ncurses5-0.12.jar
7f6058070000-7f6058071000 r--s 00001000 08:06 4469509                    /home/mithuntantri/.gradle/wrapper/dists/gradle-3.3-all/55gk2rcmfc6p2dg9u9ohc3hw9/gradle-3.3/lib/native-platform-linux-amd64-ncurses6-0.12.jar
7f6058071000-7f6058072000 r--s 00001000 08:06 4469508                    /home/mithuntantri/.gradle/wrapper/dists/gradle-3.3-all/55gk2rcmfc6p2dg9u9ohc3hw9/gradle-3.3/lib/native-platform-linux-amd64-ncurses5-0.12.jar
7f6058072000-7f6058073000 r--s 0000b000 08:06 4469507                    /home/mithuntantri/.gradle/wrapper/dists/gradle-3.3-all/55gk2rcmfc6p2dg9u9ohc3hw9/gradle-3.3/lib/native-platform-windows-i386-0.12.jar
7f6058073000-7f6058075000 r--s 0000b000 08:06 4469506                    /home/mithuntantri/.gradle/wrapper/dists/gradle-3.3-all/55gk2rcmfc6p2dg9u9ohc3hw9/gradle-3.3/lib/native-platform-windows-amd64-0.12.jar
7f6058075000-7f6058077000 r--s 00002000 08:06 4469505                    /home/mithuntantri/.gradle/wrapper/dists/gradle-3.3-all/55gk2rcmfc6p2dg9u9ohc3hw9/gradle-3.3/lib/native-platform-osx-i386-0.12.jar
7f6058077000-7f6058078000 r--s 00002000 08:06 4469504                    /home/mithuntantri/.gradle/wrapper/dists/gradle-3.3-all/55gk2rcmfc6p2dg9u9ohc3hw9/gradle-3.3/lib/native-platform-osx-amd64-0.12.jar
7f6058078000-7f6058079000 r--s 00002000 08:06 4469503                    /home/mithuntantri/.gradle/wrapper/dists/gradle-3.3-all/55gk2rcmfc6p2dg9u9ohc3hw9/gradle-3.3/lib/native-platform-linux-i386-0.12.jar
7f6058079000-7f605807a000 r--s 00002000 08:06 4469502                    /home/mithuntantri/.gradle/wrapper/dists/gradle-3.3-all/55gk2rcmfc6p2dg9u9ohc3hw9/gradle-3.3/lib/native-platform-linux-amd64-0.12.jar
7f605807a000-7f605807b000 r--s 00003000 08:06 4469501                    /home/mithuntantri/.gradle/wrapper/dists/gradle-3.3-all/55gk2rcmfc6p2dg9u9ohc3hw9/gradle-3.3/lib/native-platform-freebsd-i386-libstdcpp-0.12.jar
7f605807b000-7f605807c000 r--s 00004000 08:06 4469500                    /home/mithuntantri/.gradle/wrapper/dists/gradle-3.3-all/55gk2rcmfc6p2dg9u9ohc3hw9/gradle-3.3/lib/native-platform-freebsd-i386-libcpp-0.12.jar
7f605807c000-7f605807e000 r--s 00003000 08:06 4469499                    /home/mithuntantri/.gradle/wrapper/dists/gradle-3.3-all/55gk2rcmfc6p2dg9u9ohc3hw9/gradle-3.3/lib/native-platform-freebsd-amd64-libstdcpp-0.12.jar
7f605807e000-7f605807f000 r--s 00004000 08:06 4469498                    /home/mithuntantri/.gradle/wrapper/dists/gradle-3.3-all/55gk2rcmfc6p2dg9u9ohc3hw9/gradle-3.3/lib/native-platform-freebsd-amd64-libcpp-0.12.jar
7f605807f000-7f6058082000 r--s 00023000 08:06 4469492                    /home/mithuntantri/.gradle/wrapper/dists/gradle-3.3-all/55gk2rcmfc6p2dg9u9ohc3hw9/gradle-3.3/lib/jansi-1.14.jar
7f6058082000-7f6058086000 r--s 00011000 08:06 4469491                    /home/mithuntantri/.gradle/wrapper/dists/gradle-3.3-all/55gk2rcmfc6p2dg9u9ohc3hw9/gradle-3.3/lib/native-platform-0.12.jar
7f6058086000-7f6058095000 r--s 0007f000 08:06 4469476                    /home/mithuntantri/.gradle/wrapper/dists/gradle-3.3-all/55gk2rcmfc6p2dg9u9ohc3hw9/gradle-3.3/lib/gradle-model-core-3.3.jar
7f6058095000-7f6058105000 r--s 00641000 08:06 4469475                    /home/mithuntantri/.gradle/wrapper/dists/gradle-3.3-all/55gk2rcmfc6p2dg9u9ohc3hw9/gradle-3.3/lib/groovy-all-2.4.7.jar
7f6058105000-7f605b106000 rw-p 00000000 00:00 0 
7f605b106000-7f605b11d000 r-xp 00000000 08:06 25440483                   /usr/lib/jvm/java-8-openjdk-amd64/jre/lib/amd64/libnet.so
7f605b11d000-7f605b31c000 ---p 00017000 08:06 25440483                   /usr/lib/jvm/java-8-openjdk-amd64/jre/lib/amd64/libnet.so
7f605b31c000-7f605b31d000 r--p 00016000 08:06 25440483                   /usr/lib/jvm/java-8-openjdk-amd64/jre/lib/amd64/libnet.so
7f605b31d000-7f605b31e000 rw-p 00017000 08:06 25440483                   /usr/lib/jvm/java-8-openjdk-amd64/jre/lib/amd64/libnet.so
7f605b31e000-7f605b31f000 ---p 00000000 00:00 0 
7f605b31f000-7f605b41f000 rw-p 00000000 00:00 0 
7f605b41f000-7f605b422000 ---p 00000000 00:00 0 
7f605b422000-7f605b520000 rw-p 00000000 00:00 0 
7f605b520000-7f605b523000 ---p 00000000 00:00 0 
7f605b523000-7f605b621000 rw-p 00000000 00:00 0 
7f605b621000-7f605b624000 ---p 00000000 00:00 0 
7f605b624000-7f605b722000 rw-p 00000000 00:00 0 
7f605b722000-7f605b725000 ---p 00000000 00:00 0 
7f605b725000-7f605b823000 rw-p 00000000 00:00 0 
7f605b823000-7f605b826000 ---p 00000000 00:00 0 
7f605b826000-7f605b924000 rw-p 00000000 00:00 0 
7f605b924000-7f605bbfc000 r--p 00000000 08:06 2098905                    /usr/lib/locale/locale-archive
7f605bbfc000-7f605bbff000 ---p 00000000 00:00 0 
7f605bbff000-7f605bcfd000 rw-p 00000000 00:00 0 
7f605bcfd000-7f605bd00000 ---p 00000000 00:00 0 
7f605bd00000-7f605bdfe000 rw-p 00000000 00:00 0 
7f605bdfe000-7f605bdff000 ---p 00000000 00:00 0 
7f605bdff000-7f605c000000 rw-p 00000000 00:00 0 
7f605c000000-7f605c021000 rw-p 00000000 00:00 0 
7f605c021000-7f6060000000 ---p 00000000 00:00 0 
7f6060000000-7f6060003000 r--s 0000a000 08:06 4469469                    /home/mithuntantri/.gradle/wrapper/dists/gradle-3.3-all/55gk2rcmfc6p2dg9u9ohc3hw9/gradle-3.3/lib/gradle-native-3.3.jar
7f6060003000-7f6060005000 r--s 00005000 08:06 4469466                    /home/mithuntantri/.gradle/wrapper/dists/gradle-3.3-all/55gk2rcmfc6p2dg9u9ohc3hw9/gradle-3.3/lib/gradle-cli-3.3.jar
7f6060005000-7f6060007000 r--s 00007000 08:06 4469477                    /home/mithuntantri/.gradle/wrapper/dists/gradle-3.3-all/55gk2rcmfc6p2dg9u9ohc3hw9/gradle-3.3/lib/gradle-model-groovy-3.3.jar
7f6060007000-7f6060009000 r--s 00006000 08:06 4469484                    /home/mithuntantri/.gradle/wrapper/dists/gradle-3.3-all/55gk2rcmfc6p2dg9u9ohc3hw9/gradle-3.3/lib/gradle-base-services-groovy-3.3.jar
7f6060009000-7f606000a000 r--s 00002000 08:06 4469487                    /home/mithuntantri/.gradle/wrapper/dists/gradle-3.3-all/55gk2rcmfc6p2dg9u9ohc3hw9/gradle-3.3/lib/gradle-docs-3.3.jar
7f606000a000-7f606000b000 r--s 00000000 08:06 4469483                    /home/mithuntantri/.gradle/wrapper/dists/gradle-3.3-all/55gk2rcmfc6p2dg9u9ohc3hw9/gradle-3.3/lib/javax.inject-1.jar
7f606000b000-7f606000c000 r--s 00000000 08:06 4469482                    /home/mithuntantri/.gradle/wrapper/dists/gradle-3.3-all/55gk2rcmfc6p2dg9u9ohc3hw9/gradle-3.3/lib/jcip-annotations-1.0.jar
7f606000c000-7f6060010000 r--s 00027000 08:06 4469481                    /home/mithuntantri/.gradle/wrapper/dists/gradle-3.3-all/55gk2rcmfc6p2dg9u9ohc3hw9/gradle-3.3/lib/commons-io-2.2.jar
7f6060010000-7f606001d000 r--s 00083000 08:06 4469480                    /home/mithuntantri/.gradle/wrapper/dists/gradle-3.3-all/55gk2rcmfc6p2dg9u9ohc3hw9/gradle-3.3/lib/commons-collections-3.2.2.jar
7f606001d000-7f6060022000 r--s 00038000 08:06 4469478                    /home/mithuntantri/.gradle/wrapper/dists/gradle-3.3-all/55gk2rcmfc6p2dg9u9ohc3hw9/gradle-3.3/lib/asm-all-5.1.jar
7f6060022000-7f6060023000 r--s 00001000 08:06 4469474                    /home/mithuntantri/.gradle/wrapper/dists/gradle-3.3-all/55gk2rcmfc6p2dg9u9ohc3hw9/gradle-3.3/lib/gradle-process-services-3.3.jar
7f6060023000-7f6060028000 r--s 00041000 08:06 4469473                    /home/mithuntantri/.gradle/wrapper/dists/gradle-3.3-all/55gk2rcmfc6p2dg9u9ohc3hw9/gradle-3.3/lib/commons-lang-2.6.jar
7f6060028000-7f6060050000 r--s 001cf000 08:06 4469472                    /home/mithuntantri/.gradle/wrapper/dists/gradle-3.3-all/55gk2rcmfc6p2dg9u9ohc3hw9/gradle-3.3/lib/guava-jdk5-17.0.jar
7f6060050000-7f606006f000 r--s 001d1000 08:06 4469479                    /home/mithuntantri/.gradle/wrapper/dists/gradle-3.3-all/55gk2rcmfc6p2dg9u9ohc3hw9/gradle-3.3/lib/ant-1.9.6.jar
7f606006f000-7f6060078000 r--s 00042000 08:06 4469463                    /home/mithuntantri/.gradle/wrapper/dists/gradle-3.3-all/55gk2rcmfc6p2dg9u9ohc3hw9/gradle-3.3/lib/gradle-base-services-3.3.jar
7f6060078000-7f60600b5000 r--s 001f8000 08:06 4469465                    /home/mithuntantri/.gradle/wrapper/dists/gradle-3.3-all/55gk2rcmfc6p2dg9u9ohc3hw9/gradle-3.3/lib/gradle-core-3.3.jar
7f60600b5000-7f60600c2000 r--s 0005c000 08:06 4469460                    /home/mithuntantri/.gradle/wrapper/dists/gradle-3.3-all/55gk2rcmfc6p2dg9u9ohc3hw9/gradle-3.3/lib/gradle-launcher-3.3.jar
7f60600c2000-7f60600dd000 r--s 00394000 08:06 19138393                   /usr/lib/jvm/java-8-openjdk-amd64/jre/lib/ext/cldrdata.jar
7f60600dd000-7f6060fbd000 rw-p 00000000 00:00 0 
7f6060fbd000-7f606118c000 r--s 03c21000 08:06 19138388                   /usr/lib/jvm/java-8-openjdk-amd64/jre/lib/rt.jar
7f606118c000-7f606199d000 rw-p 00000000 00:00 0 
7f606199d000-7f6061a5d000 ---p 00000000 00:00 0 
7f6061a5d000-7f6062a06000 rw-p 00000000 00:00 0 
7f6062a06000-7f6062a07000 ---p 00000000 00:00 0 
7f6062a07000-7f6062b07000 rw-p 00000000 00:00 0 
7f6062b07000-7f6062b08000 ---p 00000000 00:00 0 
7f6062b08000-7f6062c08000 rw-p 00000000 00:00 0 
7f6062c08000-7f6062c09000 ---p 00000000 00:00 0 
7f6062c09000-7f6062d09000 rw-p 00000000 00:00 0 
7f6062d09000-7f6062d0a000 ---p 00000000 00:00 0 
7f6062d0a000-7f6062eb2000 rw-p 00000000 00:00 0 
7f6062eb2000-7f606387b000 ---p 00000000 00:00 0 
7f606387b000-7f6063923000 rw-p 00000000 00:00 0 
7f6063923000-7f60642eb000 ---p 00000000 00:00 0 
7f60642eb000-7f6064340000 rw-p 00000000 00:00 0 
7f6064340000-7f6064824000 ---p 00000000 00:00 0 
7f6064824000-7f6064830000 rw-p 00000000 00:00 0 
7f6064830000-7f6064be5000 ---p 00000000 00:00 0 
7f6064be5000-7f6064ea5000 rwxp 00000000 00:00 0 
7f6064ea5000-7f6073be5000 ---p 00000000 00:00 0 
7f6073be5000-7f6073bed000 r-xp 00000000 08:06 25440490                   /usr/lib/jvm/java-8-openjdk-amd64/jre/lib/amd64/libzip.so
7f6073bed000-7f6073dec000 ---p 00008000 08:06 25440490                   /usr/lib/jvm/java-8-openjdk-amd64/jre/lib/amd64/libzip.so
7f6073dec000-7f6073ded000 r--p 00007000 08:06 25440490                   /usr/lib/jvm/java-8-openjdk-amd64/jre/lib/amd64/libzip.so
7f6073ded000-7f6073dee000 rw-p 00008000 08:06 25440490                   /usr/lib/jvm/java-8-openjdk-amd64/jre/lib/amd64/libzip.so
7f6073dee000-7f6073df9000 r-xp 00000000 08:06 29498906                   /lib/x86_64-linux-gnu/libnss_files-2.23.so
7f6073df9000-7f6073ff8000 ---p 0000b000 08:06 29498906                   /lib/x86_64-linux-gnu/libnss_files-2.23.so
7f6073ff8000-7f6073ff9000 r--p 0000a000 08:06 29498906                   /lib/x86_64-linux-gnu/libnss_files-2.23.so
7f6073ff9000-7f6073ffa000 rw-p 0000b000 08:06 29498906                   /lib/x86_64-linux-gnu/libnss_files-2.23.so
7f6073ffa000-7f6074000000 rw-p 00000000 00:00 0 
7f6074000000-7f6074cef000 rw-p 00000000 00:00 0 
7f6074cef000-7f6078000000 ---p 00000000 00:00 0 
7f6078000000-7f607801b000 r--s 001d6000 08:06 19138395                   /usr/lib/jvm/java-8-openjdk-amd64/jre/lib/ext/nashorn.jar
7f607801b000-7f607803c000 rw-p 00000000 00:00 0 
7f607803c000-7f6078047000 r-xp 00000000 08:06 29498910                   /lib/x86_64-linux-gnu/libnss_nis-2.23.so
7f6078047000-7f6078246000 ---p 0000b000 08:06 29498910                   /lib/x86_64-linux-gnu/libnss_nis-2.23.so
7f6078246000-7f6078247000 r--p 0000a000 08:06 29498910                   /lib/x86_64-linux-gnu/libnss_nis-2.23.so
7f6078247000-7f6078248000 rw-p 0000b000 08:06 29498910                   /lib/x86_64-linux-gnu/libnss_nis-2.23.so
7f6078248000-7f607825e000 r-xp 00000000 08:06 29498890                   /lib/x86_64-linux-gnu/libnsl-2.23.so
7f607825e000-7f607845d000 ---p 00016000 08:06 29498890                   /lib/x86_64-linux-gnu/libnsl-2.23.so
7f607845d000-7f607845e000 r--p 00015000 08:06 29498890                   /lib/x86_64-linux-gnu/libnsl-2.23.so
7f607845e000-7f607845f000 rw-p 00016000 08:06 29498890                   /lib/x86_64-linux-gnu/libnsl-2.23.so
7f607845f000-7f6078461000 rw-p 00000000 00:00 0 
7f6078461000-7f6078469000 r-xp 00000000 08:06 29498901                   /lib/x86_64-linux-gnu/libnss_compat-2.23.so
7f6078469000-7f6078668000 ---p 00008000 08:06 29498901                   /lib/x86_64-linux-gnu/libnss_compat-2.23.so
7f6078668000-7f6078669000 r--p 00007000 08:06 29498901                   /lib/x86_64-linux-gnu/libnss_compat-2.23.so
7f6078669000-7f607866a000 rw-p 00008000 08:06 29498901                   /lib/x86_64-linux-gnu/libnss_compat-2.23.so
7f607866a000-7f6078697000 r-xp 00000000 08:06 25440471                   /usr/lib/jvm/java-8-openjdk-amd64/jre/lib/amd64/libjava.so
7f6078697000-7f6078896000 ---p 0002d000 08:06 25440471                   /usr/lib/jvm/java-8-openjdk-amd64/jre/lib/amd64/libjava.so
7f6078896000-7f6078897000 r--p 0002c000 08:06 25440471                   /usr/lib/jvm/java-8-openjdk-amd64/jre/lib/amd64/libjava.so
7f6078897000-7f6078899000 rw-p 0002d000 08:06 25440471                   /usr/lib/jvm/java-8-openjdk-amd64/jre/lib/amd64/libjava.so
7f6078899000-7f60788a8000 r-xp 00000000 08:06 25440488                   /usr/lib/jvm/java-8-openjdk-amd64/jre/lib/amd64/libverify.so
7f60788a8000-7f6078aa7000 ---p 0000f000 08:06 25440488                   /usr/lib/jvm/java-8-openjdk-amd64/jre/lib/amd64/libverify.so
7f6078aa7000-7f6078aa9000 r--p 0000e000 08:06 25440488                   /usr/lib/jvm/java-8-openjdk-amd64/jre/lib/amd64/libverify.so
7f6078aa9000-7f6078aaa000 rw-p 00010000 08:06 25440488                   /usr/lib/jvm/java-8-openjdk-amd64/jre/lib/amd64/libverify.so
7f6078aaa000-7f6078ab1000 r-xp 00000000 08:06 29498911                   /lib/x86_64-linux-gnu/librt-2.23.so
7f6078ab1000-7f6078cb0000 ---p 00007000 08:06 29498911                   /lib/x86_64-linux-gnu/librt-2.23.so
7f6078cb0000-7f6078cb1000 r--p 00006000 08:06 29498911                   /lib/x86_64-linux-gnu/librt-2.23.so
7f6078cb1000-7f6078cb2000 rw-p 00007000 08:06 29498911                   /lib/x86_64-linux-gnu/librt-2.23.so
7f6078cb2000-7f6078cc8000 r-xp 00000000 08:06 29491561                   /lib/x86_64-linux-gnu/libgcc_s.so.1
7f6078cc8000-7f6078ec7000 ---p 00016000 08:06 29491561                   /lib/x86_64-linux-gnu/libgcc_s.so.1
7f6078ec7000-7f6078ec8000 r--p 00015000 08:06 29491561                   /lib/x86_64-linux-gnu/libgcc_s.so.1
7f6078ec8000-7f6078ec9000 rw-p 00016000 08:06 29491561                   /lib/x86_64-linux-gnu/libgcc_s.so.1
7f6078ec9000-7f6078fd1000 r-xp 00000000 08:06 29491226                   /lib/x86_64-linux-gnu/libm-2.23.so
7f6078fd1000-7f60791d0000 ---p 00108000 08:06 29491226                   /lib/x86_64-linux-gnu/libm-2.23.so
7f60791d0000-7f60791d1000 r--p 00107000 08:06 29491226                   /lib/x86_64-linux-gnu/libm-2.23.so
7f60791d1000-7f60791d2000 rw-p 00108000 08:06 29491226                   /lib/x86_64-linux-gnu/libm-2.23.so
7f60791d2000-7f607934c000 r-xp 00000000 08:06 2099746                    /usr/lib/x86_64-linux-gnu/libstdc++.so.6.0.24
7f607934c000-7f607954b000 ---p 0017a000 08:06 2099746                    /usr/lib/x86_64-linux-gnu/libstdc++.so.6.0.24
7f607954b000-7f6079555000 r--p 00179000 08:06 2099746                    /usr/lib/x86_64-linux-gnu/libstdc++.so.6.0.24
7f6079555000-7f6079557000 rw-p 00183000 08:06 2099746                    /usr/lib/x86_64-linux-gnu/libstdc++.so.6.0.24
7f6079557000-7f607955a000 rw-p 00000000 00:00 0 
7f607955a000-7f607a1ac000 r-xp 00000000 08:06 25440482                   /usr/lib/jvm/java-8-openjdk-amd64/jre/lib/amd64/server/libjvm.so
7f607a1ac000-7f607a3ac000 ---p 00c52000 08:06 25440482                   /usr/lib/jvm/java-8-openjdk-amd64/jre/lib/amd64/server/libjvm.so
7f607a3ac000-7f607a43f000 r--p 00c52000 08:06 25440482                   /usr/lib/jvm/java-8-openjdk-amd64/jre/lib/amd64/server/libjvm.so
7f607a43f000-7f607a468000 rw-p 00ce5000 08:06 25440482                   /usr/lib/jvm/java-8-openjdk-amd64/jre/lib/amd64/server/libjvm.so
7f607a468000-7f607a498000 rw-p 00000000 00:00 0 
7f607a498000-7f607a4b0000 r-xp 00000000 08:06 29498892                   /lib/x86_64-linux-gnu/libpthread-2.23.so
7f607a4b0000-7f607a6af000 ---p 00018000 08:06 29498892                   /lib/x86_64-linux-gnu/libpthread-2.23.so
7f607a6af000-7f607a6b0000 r--p 00017000 08:06 29498892                   /lib/x86_64-linux-gnu/libpthread-2.23.so
7f607a6b0000-7f607a6b1000 rw-p 00018000 08:06 29498892                   /lib/x86_64-linux-gnu/libpthread-2.23.so
7f607a6b1000-7f607a6b5000 rw-p 00000000 00:00 0 
7f607a6b5000-7f607a6b8000 r-xp 00000000 08:06 29498895                   /lib/x86_64-linux-gnu/libdl-2.23.so
7f607a6b8000-7f607a8b7000 ---p 00003000 08:06 29498895                   /lib/x86_64-linux-gnu/libdl-2.23.so
7f607a8b7000-7f607a8b8000 r--p 00002000 08:06 29498895                   /lib/x86_64-linux-gnu/libdl-2.23.so
7f607a8b8000-7f607a8b9000 rw-p 00003000 08:06 29498895                   /lib/x86_64-linux-gnu/libdl-2.23.so
7f607a8b9000-7f607a8d2000 r-xp 00000000 08:06 29499527                   /lib/x86_64-linux-gnu/libz.so.1.2.8
7f607a8d2000-7f607aad1000 ---p 00019000 08:06 29499527                   /lib/x86_64-linux-gnu/libz.so.1.2.8
7f607aad1000-7f607aad2000 r--p 00018000 08:06 29499527                   /lib/x86_64-linux-gnu/libz.so.1.2.8
7f607aad2000-7f607aad3000 rw-p 00019000 08:06 29499527                   /lib/x86_64-linux-gnu/libz.so.1.2.8
7f607aad3000-7f607ac93000 r-xp 00000000 08:06 29498893                   /lib/x86_64-linux-gnu/libc-2.23.so
7f607ac93000-7f607ae93000 ---p 001c0000 08:06 29498893                   /lib/x86_64-linux-gnu/libc-2.23.so
7f607ae93000-7f607ae97000 r--p 001c0000 08:06 29498893                   /lib/x86_64-linux-gnu/libc-2.23.so
7f607ae97000-7f607ae99000 rw-p 001c4000 08:06 29498893                   /lib/x86_64-linux-gnu/libc-2.23.so
7f607ae99000-7f607ae9d000 rw-p 00000000 00:00 0 
7f607ae9d000-7f607aeaa000 r-xp 00000000 08:06 25440486                   /usr/lib/jvm/java-8-openjdk-amd64/jre/lib/amd64/jli/libjli.so
7f607aeaa000-7f607b0aa000 ---p 0000d000 08:06 25440486                   /usr/lib/jvm/java-8-openjdk-amd64/jre/lib/amd64/jli/libjli.so
7f607b0aa000-7f607b0ab000 r--p 0000d000 08:06 25440486                   /usr/lib/jvm/java-8-openjdk-amd64/jre/lib/amd64/jli/libjli.so
7f607b0ab000-7f607b0ac000 rw-p 0000e000 08:06 25440486                   /usr/lib/jvm/java-8-openjdk-amd64/jre/lib/amd64/jli/libjli.so
7f607b0ac000-7f607b0d2000 r-xp 00000000 08:06 29498891                   /lib/x86_64-linux-gnu/ld-2.23.so
7f607b0d2000-7f607b0d4000 r--s 00000000 08:06 4469464                    /home/mithuntantri/.gradle/wrapper/dists/gradle-3.3-all/55gk2rcmfc6p2dg9u9ohc3hw9/gradle-3.3/lib/gradle-jvm-services-3.3.jar
7f607b0d4000-7f607b0d5000 r--s 00000000 08:06 4469629                    /home/mithuntantri/.gradle/wrapper/dists/gradle-3.3-all/55gk2rcmfc6p2dg9u9ohc3hw9/gradle-3.3/lib/gradle-version-info-3.3.jar
7f607b0d5000-7f607b0d6000 r--s 00007000 08:06 4469471                    /home/mithuntantri/.gradle/wrapper/dists/gradle-3.3-all/55gk2rcmfc6p2dg9u9ohc3hw9/gradle-3.3/lib/slf4j-api-1.7.10.jar
7f607b0d6000-7f607b0db000 r--s 0009a000 08:06 19138408                   /usr/lib/jvm/java-8-openjdk-amd64/jre/lib/jsse.jar
7f607b0db000-7f607b0de000 r--s 0000b000 08:06 19276157                   /home/mithuntantri/mithuntantri/trignosource/app/trignosource/platforms/android/gradle/wrapper/gradle-wrapper.jar
7f607b0de000-7f607b0e2000 r--s 00037000 08:06 19138399                   /usr/lib/jvm/java-8-openjdk-amd64/jre/lib/ext/sunpkcs11.jar
7f607b0e2000-7f607b0e8000 r--s 0003a000 08:06 19138396                   /usr/lib/jvm/java-8-openjdk-amd64/jre/lib/ext/sunjce_provider.jar
7f607b0e8000-7f607b0ea000 r--s 00008000 08:06 19138397                   /usr/lib/jvm/java-8-openjdk-amd64/jre/lib/ext/sunec.jar
7f607b0ea000-7f607b1af000 rw-p 00000000 00:00 0 
7f607b1af000-7f607b1b2000 ---p 00000000 00:00 0 
7f607b1b2000-7f607b2b4000 rw-p 00000000 00:00 0 
7f607b2b4000-7f607b2b5000 r--s 00004000 08:06 4469496                    /home/mithuntantri/.gradle/wrapper/dists/gradle-3.3-all/55gk2rcmfc6p2dg9u9ohc3hw9/gradle-3.3/lib/ant-launcher-1.9.6.jar
7f607b2b5000-7f607b2b6000 r--s 0000a000 08:06 19138400                   /usr/lib/jvm/java-8-openjdk-amd64/jre/lib/ext/jaccess.jar
7f607b2b6000-7f607b2b9000 r--s 0000f000 08:06 19138392                   /usr/lib/jvm/java-8-openjdk-amd64/jre/lib/ext/icedtea-sound.jar
7f607b2b9000-7f607b2bb000 r--s 00001000 08:06 19138401                   /usr/lib/jvm/java-8-openjdk-amd64/jre/lib/ext/dnsns.jar
7f607b2bb000-7f607b2c5000 r--s 00116000 08:06 19138398                   /usr/lib/jvm/java-8-openjdk-amd64/jre/lib/ext/localedata.jar
7f607b2c5000-7f607b2c6000 r--s 00010000 08:06 19138394                   /usr/lib/jvm/java-8-openjdk-amd64/jre/lib/ext/zipfs.jar
7f607b2c6000-7f607b2ce000 rw-s 00000000 08:06 12068881                   /tmp/hsperfdata_mithuntantri/15491
7f607b2ce000-7f607b2cf000 rw-p 00000000 00:00 0 
7f607b2cf000-7f607b2d0000 r--p 00000000 00:00 0 
7f607b2d0000-7f607b2d1000 rw-p 00000000 00:00 0 
7f607b2d1000-7f607b2d2000 r--p 00025000 08:06 29498891                   /lib/x86_64-linux-gnu/ld-2.23.so
7f607b2d2000-7f607b2d3000 rw-p 00026000 08:06 29498891                   /lib/x86_64-linux-gnu/ld-2.23.so
7f607b2d3000-7f607b2d4000 rw-p 00000000 00:00 0 
7ffc0f05b000-7ffc0f07d000 rw-p 00000000 00:00 0                          [stack]
7ffc0f0c0000-7ffc0f0c2000 r--p 00000000 00:00 0                          [vvar]
7ffc0f0c2000-7ffc0f0c4000 r-xp 00000000 00:00 0                          [vdso]
ffffffffff600000-ffffffffff601000 r-xp 00000000 00:00 0                  [vsyscall]

VM Arguments:
jvm_args: -Dorg.gradle.appname=gradlew 
java_command: org.gradle.wrapper.GradleWrapperMain cdvBuildDebug -b /home/mithuntantri/mithuntantri/trignosource/app/trignosource/platforms/android/build.gradle -Dorg.gradle.daemon=true -Dorg.gradle.jvmargs=-Xmx2048m -Pandroid.useDeprecatedNdk=true
java_class_path (initial): /home/mithuntantri/mithuntantri/trignosource/app/trignosource/platforms/android/gradle/wrapper/gradle-wrapper.jar
Launcher Type: SUN_STANDARD

Environment Variables:
JAVA_HOME=/usr/lib/jvm/java-8-openjdk-amd64
PATH=/home/mithuntantri/Android/Sdk/platform-tools:/home/mithuntantri/Android/Sdk/tools:/home/mithuntantri/bin:/home/mithuntantri/.local/bin:/usr/local/sbin:/usr/local/bin:/usr/sbin:/usr/bin:/sbin:/bin:/usr/games:/usr/local/games:/usr/local/go/bin:/home/mithuntantri/capitalquotient/go/bin:/usr/local/go/bin:/usr/local/go/bin:/home/mithuntantri/Downloads/geckodriver:/opt/gradle/gradle-4.6/bin:/home/mithuntantri/Android/Sdk/tools/bin
SHELL=/bin/bash
DISPLAY=:0

Signal Handlers:
SIGSEGV: [libjvm.so+0xa69040], sa_mask[0]=11111111011111111101111111111110, sa_flags=SA_RESTART|SA_SIGINFO
SIGBUS: [libjvm.so+0xa69040], sa_mask[0]=11111111011111111101111111111110, sa_flags=SA_RESTART|SA_SIGINFO
SIGFPE: [libjvm.so+0x8b2170], sa_mask[0]=11111111011111111101111111111110, sa_flags=SA_RESTART|SA_SIGINFO
SIGPIPE: [libjvm.so+0x8b2170], sa_mask[0]=11111111011111111101111111111110, sa_flags=SA_RESTART|SA_SIGINFO
SIGXFSZ: [libjvm.so+0x8b2170], sa_mask[0]=11111111011111111101111111111110, sa_flags=SA_RESTART|SA_SIGINFO
SIGILL: [libjvm.so+0x8b2170], sa_mask[0]=11111111011111111101111111111110, sa_flags=SA_RESTART|SA_SIGINFO
SIGUSR1: SIG_DFL, sa_mask[0]=00000000000000000000000000000000, sa_flags=none
SIGUSR2: [libjvm.so+0x8b2020], sa_mask[0]=00000000000000000000000000000000, sa_flags=SA_RESTART|SA_SIGINFO
SIGHUP: [libjvm.so+0x8b24f0], sa_mask[0]=11111111011111111101111111111110, sa_flags=SA_RESTART|SA_SIGINFO
SIGINT: [libjvm.so+0x8b24f0], sa_mask[0]=11111111011111111101111111111110, sa_flags=SA_RESTART|SA_SIGINFO
SIGTERM: [libjvm.so+0x8b24f0], sa_mask[0]=11111111011111111101111111111110, sa_flags=SA_RESTART|SA_SIGINFO
SIGQUIT: [libjvm.so+0x8b24f0], sa_mask[0]=11111111011111111101111111111110, sa_flags=SA_RESTART|SA_SIGINFO


---------------  S Y S T E M  ---------------

OS:DISTRIB_ID=LinuxMint
DISTRIB_RELEASE=18.3
DISTRIB_CODENAME=sylvia
DISTRIB_DESCRIPTION="Linux Mint 18.3 Sylvia"

uname:Linux 4.10.0-38-generic #42~16.04.1-Ubuntu SMP Tue Oct 10 16:32:20 UTC 2017 x86_64
libc:glibc 2.23 NPTL 2.23 
rlimit: STACK 8192k, CORE 0k, NPROC 127874, NOFILE 1048576, AS infinity
load average:0.75 0.91 1.20

/proc/meminfo:
MemTotal:       32834528 kB
MemFree:        12014596 kB
MemAvailable:   18307412 kB
Buffers:         1055872 kB
Cached:          8267992 kB
SwapCached:            0 kB
Active:         12463080 kB
Inactive:        7299676 kB
Active(anon):    9871812 kB
Inactive(anon):  3847456 kB
Active(file):    2591268 kB
Inactive(file):  3452220 kB
Unevictable:         148 kB
Mlocked:             148 kB
SwapTotal:      12471292 kB
SwapFree:       12471292 kB
Dirty:               420 kB
Writeback:             0 kB
AnonPages:      10128728 kB
Mapped:          1919656 kB
Shmem:           3280380 kB
Slab:             799584 kB
SReclaimable:     718588 kB
SUnreclaim:        80996 kB
KernelStack:       18432 kB
PageTables:        83232 kB
NFS_Unstable:          0 kB
Bounce:                0 kB
WritebackTmp:          0 kB
CommitLimit:    28888556 kB
Committed_AS:   19875532 kB
VmallocTotal:   34359738367 kB
VmallocUsed:           0 kB
VmallocChunk:          0 kB
HardwareCorrupted:     0 kB
AnonHugePages:   6971392 kB
ShmemHugePages:        0 kB
ShmemPmdMapped:        0 kB
CmaTotal:              0 kB
CmaFree:               0 kB
HugePages_Total:       0
HugePages_Free:        0
HugePages_Rsvd:        0
HugePages_Surp:        0
Hugepagesize:       2048 kB
DirectMap4k:      212368 kB
DirectMap2M:    15405056 kB
DirectMap1G:    17825792 kB


CPU:total 4 (initial active 4) (2 cores per cpu, 2 threads per core) family 6 model 78 stepping 3, cmov, cx8, fxsr, mmx, sse, sse2, sse3, ssse3, sse4.1, sse4.2, popcnt, avx, avx2, aes, clmul, erms, 3dnowpref, lzcnt, ht, tsc, tscinvbit, bmi1, bmi2, adx

/proc/cpuinfo:
processor	: 0
vendor_id	: GenuineIntel
cpu family	: 6
model		: 78
model name	: Intel(R) Core(TM) i3-6006U CPU @ 2.00GHz
stepping	: 3
microcode	: 0x9e
cpu MHz		: 1999.877
cache size	: 3072 KB
physical id	: 0
siblings	: 4
core id		: 0
cpu cores	: 2
apicid		: 0
initial apicid	: 0
fpu		: yes
fpu_exception	: yes
cpuid level	: 22
wp		: yes
flags		: fpu vme de pse tsc msr pae mce cx8 apic sep mtrr pge mca cmov pat pse36 clflush dts acpi mmx fxsr sse sse2 ss ht tm pbe syscall nx pdpe1gb rdtscp lm constant_tsc art arch_perfmon pebs bts rep_good nopl xtopology nonstop_tsc aperfmperf tsc_known_freq pni pclmulqdq dtes64 monitor ds_cpl vmx est tm2 ssse3 sdbg fma cx16 xtpr pdcm pcid sse4_1 sse4_2 x2apic movbe popcnt tsc_deadline_timer aes xsave avx f16c rdrand lahf_lm abm 3dnowprefetch epb intel_pt tpr_shadow vnmi flexpriority ept vpid fsgsbase tsc_adjust bmi1 avx2 smep bmi2 erms invpcid mpx rdseed adx smap clflushopt xsaveopt xsavec xgetbv1 xsaves dtherm arat pln pts hwp hwp_notify hwp_act_window hwp_epp
bugs		:
bogomips	: 3984.00
clflush size	: 64
cache_alignment	: 64
address sizes	: 39 bits physical, 48 bits virtual
power management:

processor	: 1
vendor_id	: GenuineIntel
cpu family	: 6
model		: 78
model name	: Intel(R) Core(TM) i3-6006U CPU @ 2.00GHz
stepping	: 3
microcode	: 0x9e
cpu MHz		: 2000.000
cache size	: 3072 KB
physical id	: 0
siblings	: 4
core id		: 1
cpu cores	: 2
apicid		: 2
initial apicid	: 2
fpu		: yes
fpu_exception	: yes
cpuid level	: 22
wp		: yes
flags		: fpu vme de pse tsc msr pae mce cx8 apic sep mtrr pge mca cmov pat pse36 clflush dts acpi mmx fxsr sse sse2 ss ht tm pbe syscall nx pdpe1gb rdtscp lm constant_tsc art arch_perfmon pebs bts rep_good nopl xtopology nonstop_tsc aperfmperf tsc_known_freq pni pclmulqdq dtes64 monitor ds_cpl vmx est tm2 ssse3 sdbg fma cx16 xtpr pdcm pcid sse4_1 sse4_2 x2apic movbe popcnt tsc_deadline_timer aes xsave avx f16c rdrand lahf_lm abm 3dnowprefetch epb intel_pt tpr_shadow vnmi flexpriority ept vpid fsgsbase tsc_adjust bmi1 avx2 smep bmi2 erms invpcid mpx rdseed adx smap clflushopt xsaveopt xsavec xgetbv1 xsaves dtherm arat pln pts hwp hwp_notify hwp_act_window hwp_epp
bugs		:
bogomips	: 3984.00
clflush size	: 64
cache_alignment	: 64
address sizes	: 39 bits physical, 48 bits virtual
power management:

processor	: 2
vendor_id	: GenuineIntel
cpu family	: 6
model		: 78
model name	: Intel(R) Core(TM) i3-6006U CPU @ 2.00GHz
stepping	: 3
microcode	: 0x9e
cpu MHz		: 1999.877
cache size	: 3072 KB
physical id	: 0
siblings	: 4
core id		: 0
cpu cores	: 2
apicid		: 1
initial apicid	: 1
fpu		: yes
fpu_exception	: yes
cpuid level	: 22
wp		: yes
flags		: fpu vme de pse tsc msr pae mce cx8 apic sep mtrr pge mca cmov pat pse36 clflush dts acpi mmx fxsr sse sse2 ss ht tm pbe syscall nx pdpe1gb rdtscp lm constant_tsc art arch_perfmon pebs bts rep_good nopl xtopology nonstop_tsc aperfmperf tsc_known_freq pni pclmulqdq dtes64 monitor ds_cpl vmx est tm2 ssse3 sdbg fma cx16 xtpr pdcm pcid sse4_1 sse4_2 x2apic movbe popcnt tsc_deadline_timer aes xsave avx f16c rdrand lahf_lm abm 3dnowprefetch epb intel_pt tpr_shadow vnmi flexpriority ept vpid fsgsbase tsc_adjust bmi1 avx2 smep bmi2 erms invpcid mpx rdseed adx smap clflushopt xsaveopt xsavec xgetbv1 xsaves dtherm arat pln pts hwp hwp_notify hwp_act_window hwp_epp
bugs		:
bogomips	: 3984.00
clflush size	: 64
cache_alignment	: 64
address sizes	: 39 bits physical, 48 bits virtual
power management:

processor	: 3
vendor_id	: GenuineIntel
cpu family	: 6
model		: 78
model name	: Intel(R) Core(TM) i3-6006U CPU @ 2.00GHz
stepping	: 3
microcode	: 0x9e
cpu MHz		: 2000.000
cache size	: 3072 KB
physical id	: 0
siblings	: 4
core id		: 1
cpu cores	: 2
apicid		: 3
initial apicid	: 3
fpu		: yes
fpu_exception	: yes
cpuid level	: 22
wp		: yes
flags		: fpu vme de pse tsc msr pae mce cx8 apic sep mtrr pge mca cmov pat pse36 clflush dts acpi mmx fxsr sse sse2 ss ht tm pbe syscall nx pdpe1gb rdtscp lm constant_tsc art arch_perfmon pebs bts rep_good nopl xtopology nonstop_tsc aperfmperf tsc_known_freq pni pclmulqdq dtes64 monitor ds_cpl vmx est tm2 ssse3 sdbg fma cx16 xtpr pdcm pcid sse4_1 sse4_2 x2apic movbe popcnt tsc_deadline_timer aes xsave avx f16c rdrand lahf_lm abm 3dnowprefetch epb intel_pt tpr_shadow vnmi flexpriority ept vpid fsgsbase tsc_adjust bmi1 avx2 smep bmi2 erms invpcid mpx rdseed adx smap clflushopt xsaveopt xsavec xgetbv1 xsaves dtherm arat pln pts hwp hwp_notify hwp_act_window hwp_epp
bugs		:
bogomips	: 3984.00
clflush size	: 64
cache_alignment	: 64
address sizes	: 39 bits physical, 48 bits virtual
power management:



Memory: 4k page, physical 32834528k(12014596k free), swap 12471292k(12471292k free)

vm_info: OpenJDK 64-Bit Server VM (25.151-b12) for linux-amd64 JRE (1.8.0_151-8u151-b12-0ubuntu0.16.04.2-b12), built on Oct 27 2017 21:59:02 by "buildd" with gcc 5.4.0 20160609

time: Thu Apr 19 20:09:58 2018
elapsed time: 0 seconds (0d 0h 0m 0s)

